running egg_info
creating ../../build/catRobot/catRobot.egg-info
writing ../../build/catRobot/catRobot.egg-info/PKG-INFO
writing dependency_links to ../../build/catRobot/catRobot.egg-info/dependency_links.txt
writing entry points to ../../build/catRobot/catRobot.egg-info/entry_points.txt
writing requirements to ../../build/catRobot/catRobot.egg-info/requires.txt
writing top-level names to ../../build/catRobot/catRobot.egg-info/top_level.txt
writing manifest file '../../build/catRobot/catRobot.egg-info/SOURCES.txt'
reading manifest file '../../build/catRobot/catRobot.egg-info/SOURCES.txt'
adding license file 'LICENSE'
writing manifest file '../../build/catRobot/catRobot.egg-info/SOURCES.txt'
running build
running build_py
creating /home/cat/robot/cat-stalker/ros2_ws/build/catRobot/build
creating /home/cat/robot/cat-stalker/ros2_ws/build/catRobot/build/lib
creating /home/cat/robot/cat-stalker/ros2_ws/build/catRobot/build/lib/catRobot
copying catRobot/__init__.py -> /home/cat/robot/cat-stalker/ros2_ws/build/catRobot/build/lib/catRobot
copying catRobot/lidarListener.py -> /home/cat/robot/cat-stalker/ros2_ws/build/catRobot/build/lib/catRobot
running install
running install_lib
creating /home/cat/robot/cat-stalker/ros2_ws/install/catRobot/lib/python3.12/site-packages/catRobot
copying /home/cat/robot/cat-stalker/ros2_ws/build/catRobot/build/lib/catRobot/__init__.py -> /home/cat/robot/cat-stalker/ros2_ws/install/catRobot/lib/python3.12/site-packages/catRobot
copying /home/cat/robot/cat-stalker/ros2_ws/build/catRobot/build/lib/catRobot/lidarListener.py -> /home/cat/robot/cat-stalker/ros2_ws/install/catRobot/lib/python3.12/site-packages/catRobot
byte-compiling /home/cat/robot/cat-stalker/ros2_ws/install/catRobot/lib/python3.12/site-packages/catRobot/__init__.py to __init__.cpython-312.pyc
byte-compiling /home/cat/robot/cat-stalker/ros2_ws/install/catRobot/lib/python3.12/site-packages/catRobot/lidarListener.py to lidarListener.cpython-312.pyc
running install_data
creating /home/cat/robot/cat-stalker/ros2_ws/install/catRobot/share/ament_index
creating /home/cat/robot/cat-stalker/ros2_ws/install/catRobot/share/ament_index/resource_index
creating /home/cat/robot/cat-stalker/ros2_ws/install/catRobot/share/ament_index/resource_index/packages
copying resource/catRobot -> /home/cat/robot/cat-stalker/ros2_ws/install/catRobot/share/ament_index/resource_index/packages
copying package.xml -> /home/cat/robot/cat-stalker/ros2_ws/install/catRobot/share/catRobot
running install_egg_info
Copying ../../build/catRobot/catRobot.egg-info to /home/cat/robot/cat-stalker/ros2_ws/install/catRobot/lib/python3.12/site-packages/catRobot-0.0.0-py3.12.egg-info
running install_scripts
Installing lidarListener script to /home/cat/robot/cat-stalker/ros2_ws/install/catRobot/lib/catRobot
writing list of installed files to '/home/cat/robot/cat-stalker/ros2_ws/build/catRobot/install.log'
