[5.687s] Invoking command in '/home/cat/robot/cat-stalker/ros2_ws/src/catRobot': DEBUGINFOD_URLS=https://debuginfod.ubuntu.com PYTHONPATH=/home/cat/robot/cat-stalker/ros2_ws/build/catRobot/prefix_override:/usr/lib/python3/dist-packages/colcon_core/task/python/colcon_distutils_commands:/home/cat/robot/cat-stalker/ros2_ws/install/catRobot/lib/python3.12/site-packages:${PYTHONPATH} /usr/bin/python3 -W ignore:setup.py install is deprecated -W ignore:easy_install command is deprecated setup.py egg_info --egg-base ../../build/catRobot build --build-base /home/cat/robot/cat-stalker/ros2_ws/build/catRobot/build install --record /home/cat/robot/cat-stalker/ros2_ws/build/catRobot/install.log --single-version-externally-managed install_data
[7.523s] running egg_info
[7.658s] writing ../../build/catRobot/catRobot.egg-info/PKG-INFO
[7.659s] writing dependency_links to ../../build/catRobot/catRobot.egg-info/dependency_links.txt
[7.665s] writing entry points to ../../build/catRobot/catRobot.egg-info/entry_points.txt
[7.670s] writing requirements to ../../build/catRobot/catRobot.egg-info/requires.txt
[7.672s] writing top-level names to ../../build/catRobot/catRobot.egg-info/top_level.txt
[7.955s] reading manifest file '../../build/catRobot/catRobot.egg-info/SOURCES.txt'
[7.957s] adding license file 'LICENSE'
[7.960s] writing manifest file '../../build/catRobot/catRobot.egg-info/SOURCES.txt'
[7.961s] running build
[7.961s] running build_py
[7.969s] running install
[8.008s] running install_lib
[8.149s] byte-compiling /home/cat/robot/cat-stalker/ros2_ws/install/catRobot/lib/python3.12/site-packages/catRobot/lidarListener.py to lidarListener.cpython-312.pyc
[8.156s]   File "/home/cat/robot/cat-stalker/ros2_ws/install/catRobot/lib/python3.12/site-packages/catRobot/lidarListener.py", line 88
[8.156s]     if d > 10
[8.157s]              ^
[8.158s] SyntaxError: expected ':'
[8.158s] 
[8.159s] running install_data
[8.159s] running install_egg_info
[8.318s] removing '/home/cat/robot/cat-stalker/ros2_ws/install/catRobot/lib/python3.12/site-packages/catRobot-0.0.0-py3.12.egg-info' (and everything under it)
[8.320s] Copying ../../build/catRobot/catRobot.egg-info to /home/cat/robot/cat-stalker/ros2_ws/install/catRobot/lib/python3.12/site-packages/catRobot-0.0.0-py3.12.egg-info
[8.326s] running install_scripts
[9.335s] Installing lidarListener script to /home/cat/robot/cat-stalker/ros2_ws/install/catRobot/lib/catRobot
[9.337s] writing list of installed files to '/home/cat/robot/cat-stalker/ros2_ws/build/catRobot/install.log'
[9.544s] Invoked command in '/home/cat/robot/cat-stalker/ros2_ws/src/catRobot' returned '0': DEBUGINFOD_URLS=https://debuginfod.ubuntu.com PYTHONPATH=/home/cat/robot/cat-stalker/ros2_ws/build/catRobot/prefix_override:/usr/lib/python3/dist-packages/colcon_core/task/python/colcon_distutils_commands:/home/cat/robot/cat-stalker/ros2_ws/install/catRobot/lib/python3.12/site-packages:${PYTHONPATH} /usr/bin/python3 -W ignore:setup.py install is deprecated -W ignore:easy_install command is deprecated setup.py egg_info --egg-base ../../build/catRobot build --build-base /home/cat/robot/cat-stalker/ros2_ws/build/catRobot/build install --record /home/cat/robot/cat-stalker/ros2_ws/build/catRobot/install.log --single-version-externally-managed install_data
