[5.062s] Invoking command in '/home/cat/robot/cat-stalker/ros2_ws/src/catRobot': DEBUGINFOD_URLS=https://debuginfod.ubuntu.com PYTHONPATH=/home/cat/robot/cat-stalker/ros2_ws/build/catRobot/prefix_override:/usr/lib/python3/dist-packages/colcon_core/task/python/colcon_distutils_commands:/home/cat/robot/cat-stalker/ros2_ws/install/catRobot/lib/python3.12/site-packages:${PYTHONPATH} /usr/bin/python3 -W ignore:setup.py install is deprecated -W ignore:easy_install command is deprecated setup.py egg_info --egg-base ../../build/catRobot build --build-base /home/cat/robot/cat-stalker/ros2_ws/build/catRobot/build install --record /home/cat/robot/cat-stalker/ros2_ws/build/catRobot/install.log --single-version-externally-managed install_data
[6.678s] running egg_info
[6.804s] writing ../../build/catRobot/catRobot.egg-info/PKG-INFO
[6.805s] writing dependency_links to ../../build/catRobot/catRobot.egg-info/dependency_links.txt
[6.823s] writing entry points to ../../build/catRobot/catRobot.egg-info/entry_points.txt
[6.825s] writing requirements to ../../build/catRobot/catRobot.egg-info/requires.txt
[6.827s] writing top-level names to ../../build/catRobot/catRobot.egg-info/top_level.txt
[7.097s] reading manifest file '../../build/catRobot/catRobot.egg-info/SOURCES.txt'
[7.098s] adding license file 'LICENSE'
[7.101s] writing manifest file '../../build/catRobot/catRobot.egg-info/SOURCES.txt'
[7.102s] running build
[7.103s] running build_py
[7.105s] copying catRobot/brain.py -> /home/cat/robot/cat-stalker/ros2_ws/build/catRobot/build/lib/catRobot
[7.108s] running install
[7.136s] running install_lib
[7.273s] copying /home/cat/robot/cat-stalker/ros2_ws/build/catRobot/build/lib/catRobot/brain.py -> /home/cat/robot/cat-stalker/ros2_ws/install/catRobot/lib/python3.12/site-packages/catRobot
[7.278s] byte-compiling /home/cat/robot/cat-stalker/ros2_ws/install/catRobot/lib/python3.12/site-packages/catRobot/brain.py to brain.cpython-312.pyc
[7.283s] running install_data
[7.284s] running install_egg_info
[7.416s] removing '/home/cat/robot/cat-stalker/ros2_ws/install/catRobot/lib/python3.12/site-packages/catRobot-0.0.0-py3.12.egg-info' (and everything under it)
[7.418s] Copying ../../build/catRobot/catRobot.egg-info to /home/cat/robot/cat-stalker/ros2_ws/install/catRobot/lib/python3.12/site-packages/catRobot-0.0.0-py3.12.egg-info
[7.424s] running install_scripts
[8.306s] Installing brain script to /home/cat/robot/cat-stalker/ros2_ws/install/catRobot/lib/catRobot
[8.307s] Installing detection script to /home/cat/robot/cat-stalker/ros2_ws/install/catRobot/lib/catRobot
[8.308s] Installing lidarListener script to /home/cat/robot/cat-stalker/ros2_ws/install/catRobot/lib/catRobot
[8.309s] Installing motorContol script to /home/cat/robot/cat-stalker/ros2_ws/install/catRobot/lib/catRobot
[8.312s] writing list of installed files to '/home/cat/robot/cat-stalker/ros2_ws/build/catRobot/install.log'
[8.481s] Invoked command in '/home/cat/robot/cat-stalker/ros2_ws/src/catRobot' returned '0': DEBUGINFOD_URLS=https://debuginfod.ubuntu.com PYTHONPATH=/home/cat/robot/cat-stalker/ros2_ws/build/catRobot/prefix_override:/usr/lib/python3/dist-packages/colcon_core/task/python/colcon_distutils_commands:/home/cat/robot/cat-stalker/ros2_ws/install/catRobot/lib/python3.12/site-packages:${PYTHONPATH} /usr/bin/python3 -W ignore:setup.py install is deprecated -W ignore:easy_install command is deprecated setup.py egg_info --egg-base ../../build/catRobot build --build-base /home/cat/robot/cat-stalker/ros2_ws/build/catRobot/build install --record /home/cat/robot/cat-stalker/ros2_ws/build/catRobot/install.log --single-version-externally-managed install_data
