[5.116s] Invoking command in '/home/cat/robot/cat-stalker/ros2_ws/src/catRobot': DEBUGINFOD_URLS=https://debuginfod.ubuntu.com PYTHONPATH=/home/cat/robot/cat-stalker/ros2_ws/build/catRobot/prefix_override:/usr/lib/python3/dist-packages/colcon_core/task/python/colcon_distutils_commands:/home/cat/robot/cat-stalker/ros2_ws/install/catRobot/lib/python3.12/site-packages:${PYTHONPATH} /usr/bin/python3 -W ignore:setup.py install is deprecated -W ignore:easy_install command is deprecated setup.py egg_info --egg-base ../../build/catRobot build --build-base /home/cat/robot/cat-stalker/ros2_ws/build/catRobot/build install --record /home/cat/robot/cat-stalker/ros2_ws/build/catRobot/install.log --single-version-externally-managed install_data
[6.785s] running egg_info
[6.911s] writing ../../build/catRobot/catRobot.egg-info/PKG-INFO
[6.912s] writing dependency_links to ../../build/catRobot/catRobot.egg-info/dependency_links.txt
[6.919s] writing entry points to ../../build/catRobot/catRobot.egg-info/entry_points.txt
[6.926s] writing requirements to ../../build/catRobot/catRobot.egg-info/requires.txt
[6.932s] writing top-level names to ../../build/catRobot/catRobot.egg-info/top_level.txt
[7.209s] reading manifest file '../../build/catRobot/catRobot.egg-info/SOURCES.txt'
[7.211s] adding license file 'LICENSE'
[7.214s] writing manifest file '../../build/catRobot/catRobot.egg-info/SOURCES.txt'
[7.215s] running build
[7.215s] running build_py
[7.220s] running install
[7.248s] running install_lib
[7.393s] running install_data
[7.393s] running install_egg_info
[7.526s] removing '/home/cat/robot/cat-stalker/ros2_ws/install/catRobot/lib/python3.12/site-packages/catRobot-0.0.0-py3.12.egg-info' (and everything under it)
[7.528s] Copying ../../build/catRobot/catRobot.egg-info to /home/cat/robot/cat-stalker/ros2_ws/install/catRobot/lib/python3.12/site-packages/catRobot-0.0.0-py3.12.egg-info
[7.534s] running install_scripts
[8.445s] Installing brain script to /home/cat/robot/cat-stalker/ros2_ws/install/catRobot/lib/catRobot
[8.446s] Installing detection script to /home/cat/robot/cat-stalker/ros2_ws/install/catRobot/lib/catRobot
[8.447s] Installing lidarListener script to /home/cat/robot/cat-stalker/ros2_ws/install/catRobot/lib/catRobot
[8.448s] Installing motorContol script to /home/cat/robot/cat-stalker/ros2_ws/install/catRobot/lib/catRobot
[8.451s] writing list of installed files to '/home/cat/robot/cat-stalker/ros2_ws/build/catRobot/install.log'
[8.622s] Invoked command in '/home/cat/robot/cat-stalker/ros2_ws/src/catRobot' returned '0': DEBUGINFOD_URLS=https://debuginfod.ubuntu.com PYTHONPATH=/home/cat/robot/cat-stalker/ros2_ws/build/catRobot/prefix_override:/usr/lib/python3/dist-packages/colcon_core/task/python/colcon_distutils_commands:/home/cat/robot/cat-stalker/ros2_ws/install/catRobot/lib/python3.12/site-packages:${PYTHONPATH} /usr/bin/python3 -W ignore:setup.py install is deprecated -W ignore:easy_install command is deprecated setup.py egg_info --egg-base ../../build/catRobot build --build-base /home/cat/robot/cat-stalker/ros2_ws/build/catRobot/build install --record /home/cat/robot/cat-stalker/ros2_ws/build/catRobot/install.log --single-version-externally-managed install_data
