[0.815s] DEBUG:colcon:Command line arguments: ['/usr/bin/colcon', 'build']
[0.816s] DEBUG:colcon:Parsed command line arguments: Namespace(log_base=None, log_level=None, verb_name='build', build_base='build', install_base='install', merge_install=False, symlink_install=False, test_result_base=None, continue_on_error=False, executor='parallel', parallel_workers=4, event_handlers=None, ignore_user_meta=False, metas=['./colcon.meta'], base_paths=['.'], packages_ignore=None, packages_ignore_regex=None, paths=None, packages_up_to=None, packages_up_to_regex=None, packages_above=None, packages_above_and_dependencies=None, packages_above_depth=None, packages_select_by_dep=None, packages_skip_by_dep=None, packages_skip_up_to=None, packages_select_build_failed=False, packages_skip_build_finished=False, packages_select_test_failures=False, packages_skip_test_passed=False, packages_select=None, packages_skip=None, packages_select_regex=None, packages_skip_regex=None, packages_start=None, packages_end=None, allow_overriding=[], cmake_args=None, cmake_target=None, cmake_target_skip_unavailable=False, cmake_clean_cache=False, cmake_clean_first=False, cmake_force_configure=False, ament_cmake_args=None, catkin_cmake_args=None, catkin_skip_building_tests=False, mixin_files=None, mixin=None, verb_parser=<colcon_mixin.mixin.mixin_argument.MixinArgumentDecorator object at 0xffff9d9fff50>, verb_extension=<colcon_core.verb.build.BuildVerb object at 0xffff9dbe0a40>, main=<bound method BuildVerb.main of <colcon_core.verb.build.BuildVerb object at 0xffff9dbe0a40>>, mixin_verb=('build',))
[1.016s] Level 1:colcon.colcon_core.package_discovery:discover_packages(colcon_meta) check parameters
[1.017s] Level 1:colcon.colcon_core.package_discovery:discover_packages(recursive) check parameters
[1.017s] Level 1:colcon.colcon_core.package_discovery:discover_packages(ignore) check parameters
[1.017s] Level 1:colcon.colcon_core.package_discovery:discover_packages(path) check parameters
[1.017s] Level 1:colcon.colcon_core.package_discovery:discover_packages(colcon_meta) discover
[1.017s] Level 1:colcon.colcon_core.package_discovery:discover_packages(recursive) discover
[1.018s] INFO:colcon.colcon_core.package_discovery:Crawling recursively for packages in '/home/cat/robot/cat-stalker/ros2_ws'
[1.018s] Level 1:colcon.colcon_core.package_identification:_identify(.) by extensions ['ignore', 'ignore_ament_install']
[1.018s] Level 1:colcon.colcon_core.package_identification:_identify(.) by extension 'ignore'
[1.019s] Level 1:colcon.colcon_core.package_identification:_identify(.) by extension 'ignore_ament_install'
[1.019s] Level 1:colcon.colcon_core.package_identification:_identify(.) by extensions ['colcon_pkg']
[1.019s] Level 1:colcon.colcon_core.package_identification:_identify(.) by extension 'colcon_pkg'
[1.019s] Level 1:colcon.colcon_core.package_identification:_identify(.) by extensions ['colcon_meta']
[1.020s] Level 1:colcon.colcon_core.package_identification:_identify(.) by extension 'colcon_meta'
[1.020s] Level 1:colcon.colcon_core.package_identification:_identify(.) by extensions ['ros']
[1.020s] Level 1:colcon.colcon_core.package_identification:_identify(.) by extension 'ros'
[1.141s] Level 1:colcon.colcon_core.package_identification:_identify(.) by extensions ['cmake', 'python']
[1.141s] Level 1:colcon.colcon_core.package_identification:_identify(.) by extension 'cmake'
[1.141s] Level 1:colcon.colcon_core.package_identification:_identify(.) by extension 'python'
[1.141s] Level 1:colcon.colcon_core.package_identification:_identify(.) by extensions ['python_setup_py']
[1.141s] Level 1:colcon.colcon_core.package_identification:_identify(.) by extension 'python_setup_py'
[1.142s] Level 1:colcon.colcon_core.package_identification:_identify(build) by extensions ['ignore', 'ignore_ament_install']
[1.142s] Level 1:colcon.colcon_core.package_identification:_identify(build) by extension 'ignore'
[1.143s] Level 1:colcon.colcon_core.package_identification:_identify(build) ignored
[1.143s] Level 1:colcon.colcon_core.package_identification:_identify(install) by extensions ['ignore', 'ignore_ament_install']
[1.144s] Level 1:colcon.colcon_core.package_identification:_identify(install) by extension 'ignore'
[1.144s] Level 1:colcon.colcon_core.package_identification:_identify(install) ignored
[1.145s] Level 1:colcon.colcon_core.package_identification:_identify(log) by extensions ['ignore', 'ignore_ament_install']
[1.145s] Level 1:colcon.colcon_core.package_identification:_identify(log) by extension 'ignore'
[1.145s] Level 1:colcon.colcon_core.package_identification:_identify(log) ignored
[1.146s] Level 1:colcon.colcon_core.package_identification:_identify(src) by extensions ['ignore', 'ignore_ament_install']
[1.146s] Level 1:colcon.colcon_core.package_identification:_identify(src) by extension 'ignore'
[1.146s] Level 1:colcon.colcon_core.package_identification:_identify(src) by extension 'ignore_ament_install'
[1.146s] Level 1:colcon.colcon_core.package_identification:_identify(src) by extensions ['colcon_pkg']
[1.147s] Level 1:colcon.colcon_core.package_identification:_identify(src) by extension 'colcon_pkg'
[1.147s] Level 1:colcon.colcon_core.package_identification:_identify(src) by extensions ['colcon_meta']
[1.147s] Level 1:colcon.colcon_core.package_identification:_identify(src) by extension 'colcon_meta'
[1.147s] Level 1:colcon.colcon_core.package_identification:_identify(src) by extensions ['ros']
[1.147s] Level 1:colcon.colcon_core.package_identification:_identify(src) by extension 'ros'
[1.148s] Level 1:colcon.colcon_core.package_identification:_identify(src) by extensions ['cmake', 'python']
[1.148s] Level 1:colcon.colcon_core.package_identification:_identify(src) by extension 'cmake'
[1.148s] Level 1:colcon.colcon_core.package_identification:_identify(src) by extension 'python'
[1.148s] Level 1:colcon.colcon_core.package_identification:_identify(src) by extensions ['python_setup_py']
[1.148s] Level 1:colcon.colcon_core.package_identification:_identify(src) by extension 'python_setup_py'
[1.149s] Level 1:colcon.colcon_core.package_identification:_identify(src/catRobot) by extensions ['ignore', 'ignore_ament_install']
[1.149s] Level 1:colcon.colcon_core.package_identification:_identify(src/catRobot) by extension 'ignore'
[1.149s] Level 1:colcon.colcon_core.package_identification:_identify(src/catRobot) by extension 'ignore_ament_install'
[1.150s] Level 1:colcon.colcon_core.package_identification:_identify(src/catRobot) by extensions ['colcon_pkg']
[1.150s] Level 1:colcon.colcon_core.package_identification:_identify(src/catRobot) by extension 'colcon_pkg'
[1.150s] Level 1:colcon.colcon_core.package_identification:_identify(src/catRobot) by extensions ['colcon_meta']
[1.150s] Level 1:colcon.colcon_core.package_identification:_identify(src/catRobot) by extension 'colcon_meta'
[1.150s] Level 1:colcon.colcon_core.package_identification:_identify(src/catRobot) by extensions ['ros']
[1.150s] Level 1:colcon.colcon_core.package_identification:_identify(src/catRobot) by extension 'ros'
[1.160s] DEBUG:colcon.colcon_core.package_identification:Package 'src/catRobot' with type 'ros.ament_python' and name 'catRobot'
[1.160s] Level 1:colcon.colcon_core.package_discovery:discover_packages(recursive) using defaults
[1.161s] Level 1:colcon.colcon_core.package_discovery:discover_packages(ignore) discover
[1.161s] Level 1:colcon.colcon_core.package_discovery:discover_packages(ignore) using defaults
[1.161s] Level 1:colcon.colcon_core.package_discovery:discover_packages(path) discover
[1.161s] Level 1:colcon.colcon_core.package_discovery:discover_packages(path) using defaults
[1.259s] Level 1:colcon.colcon_core.package_discovery:discover_packages(prefix_path) check parameters
[1.260s] Level 1:colcon.colcon_core.package_discovery:discover_packages(prefix_path) discover
[1.268s] DEBUG:colcon.colcon_installed_package_information.package_discovery:Found 1 installed packages in /home/cat/robot/cat-stalker/ros2_ws/install
[1.327s] DEBUG:colcon.colcon_installed_package_information.package_discovery:Found 360 installed packages in /home/cat/ros2_jazzy/ros2-linux
[1.336s] Level 1:colcon.colcon_core.package_discovery:discover_packages(prefix_path) using defaults
[1.505s] Level 5:colcon.colcon_core.verb:set package 'catRobot' build argument 'cmake_args' from command line to 'None'
[1.505s] Level 5:colcon.colcon_core.verb:set package 'catRobot' build argument 'cmake_target' from command line to 'None'
[1.506s] Level 5:colcon.colcon_core.verb:set package 'catRobot' build argument 'cmake_target_skip_unavailable' from command line to 'False'
[1.506s] Level 5:colcon.colcon_core.verb:set package 'catRobot' build argument 'cmake_clean_cache' from command line to 'False'
[1.506s] Level 5:colcon.colcon_core.verb:set package 'catRobot' build argument 'cmake_clean_first' from command line to 'False'
[1.506s] Level 5:colcon.colcon_core.verb:set package 'catRobot' build argument 'cmake_force_configure' from command line to 'False'
[1.506s] Level 5:colcon.colcon_core.verb:set package 'catRobot' build argument 'ament_cmake_args' from command line to 'None'
[1.506s] Level 5:colcon.colcon_core.verb:set package 'catRobot' build argument 'catkin_cmake_args' from command line to 'None'
[1.506s] Level 5:colcon.colcon_core.verb:set package 'catRobot' build argument 'catkin_skip_building_tests' from command line to 'False'
[1.506s] DEBUG:colcon.colcon_core.verb:Building package 'catRobot' with the following arguments: {'ament_cmake_args': None, 'build_base': '/home/cat/robot/cat-stalker/ros2_ws/build/catRobot', 'catkin_cmake_args': None, 'catkin_skip_building_tests': False, 'cmake_args': None, 'cmake_clean_cache': False, 'cmake_clean_first': False, 'cmake_force_configure': False, 'cmake_target': None, 'cmake_target_skip_unavailable': False, 'install_base': '/home/cat/robot/cat-stalker/ros2_ws/install/catRobot', 'merge_install': False, 'path': '/home/cat/robot/cat-stalker/ros2_ws/src/catRobot', 'symlink_install': False, 'test_result_base': None}
[1.507s] INFO:colcon.colcon_core.executor:Executing jobs using 'parallel' executor
[1.510s] DEBUG:colcon.colcon_parallel_executor.executor.parallel:run_until_complete
[1.511s] INFO:colcon.colcon_ros.task.ament_python.build:Building ROS package in '/home/cat/robot/cat-stalker/ros2_ws/src/catRobot' with build type 'ament_python'
[1.512s] Level 1:colcon.colcon_core.shell:create_environment_hook('catRobot', 'ament_prefix_path')
[1.523s] INFO:colcon.colcon_core.plugin_system:Skipping extension 'colcon_core.shell.bat': Not used on non-Windows systems
[1.524s] INFO:colcon.colcon_core.shell:Creating environment hook '/home/cat/robot/cat-stalker/ros2_ws/install/catRobot/share/catRobot/hook/ament_prefix_path.ps1'
[2.047s] INFO:colcon.colcon_core.shell:Creating environment descriptor '/home/cat/robot/cat-stalker/ros2_ws/install/catRobot/share/catRobot/hook/ament_prefix_path.dsv'
[2.055s] INFO:colcon.colcon_core.shell:Creating environment hook '/home/cat/robot/cat-stalker/ros2_ws/install/catRobot/share/catRobot/hook/ament_prefix_path.sh'
[2.062s] INFO:colcon.colcon_core.shell:Skip shell extension 'powershell' for command environment: Not usable outside of PowerShell
[2.063s] DEBUG:colcon.colcon_core.shell:Skip shell extension 'dsv' for command environment
[3.586s] INFO:colcon.colcon_core.task.python.build:Building Python package in '/home/cat/robot/cat-stalker/ros2_ws/src/catRobot'
[3.587s] INFO:colcon.colcon_core.shell:Skip shell extension 'powershell' for command environment: Not usable outside of PowerShell
[3.587s] DEBUG:colcon.colcon_core.shell:Skip shell extension 'dsv' for command environment
[7.724s] DEBUG:colcon.colcon_core.event_handler.log_command:Invoking command in '/home/cat/robot/cat-stalker/ros2_ws/src/catRobot': DEBUGINFOD_URLS=https://debuginfod.ubuntu.com PYTHONPATH=/home/cat/robot/cat-stalker/ros2_ws/build/catRobot/prefix_override:/usr/lib/python3/dist-packages/colcon_core/task/python/colcon_distutils_commands:/home/cat/robot/cat-stalker/ros2_ws/install/catRobot/lib/python3.12/site-packages:${PYTHONPATH} /usr/bin/python3 -W ignore:setup.py install is deprecated -W ignore:easy_install command is deprecated setup.py egg_info --egg-base ../../build/catRobot build --build-base /home/cat/robot/cat-stalker/ros2_ws/build/catRobot/build install --record /home/cat/robot/cat-stalker/ros2_ws/build/catRobot/install.log --single-version-externally-managed install_data
[11.487s] DEBUG:colcon.colcon_core.event_handler.log_command:Invoked command in '/home/cat/robot/cat-stalker/ros2_ws/src/catRobot' returned '0': DEBUGINFOD_URLS=https://debuginfod.ubuntu.com PYTHONPATH=/home/cat/robot/cat-stalker/ros2_ws/build/catRobot/prefix_override:/usr/lib/python3/dist-packages/colcon_core/task/python/colcon_distutils_commands:/home/cat/robot/cat-stalker/ros2_ws/install/catRobot/lib/python3.12/site-packages:${PYTHONPATH} /usr/bin/python3 -W ignore:setup.py install is deprecated -W ignore:easy_install command is deprecated setup.py egg_info --egg-base ../../build/catRobot build --build-base /home/cat/robot/cat-stalker/ros2_ws/build/catRobot/build install --record /home/cat/robot/cat-stalker/ros2_ws/build/catRobot/install.log --single-version-externally-managed install_data
[11.499s] Level 1:colcon.colcon_core.environment:checking '/home/cat/robot/cat-stalker/ros2_ws/install/catRobot' for CMake module files
[11.503s] Level 1:colcon.colcon_core.environment:checking '/home/cat/robot/cat-stalker/ros2_ws/install/catRobot' for CMake config files
[11.507s] Level 1:colcon.colcon_core.environment:checking '/home/cat/robot/cat-stalker/ros2_ws/install/catRobot/lib'
[11.508s] Level 1:colcon.colcon_core.environment:checking '/home/cat/robot/cat-stalker/ros2_ws/install/catRobot/bin'
[11.508s] Level 1:colcon.colcon_core.environment:checking '/home/cat/robot/cat-stalker/ros2_ws/install/catRobot/lib/pkgconfig/catRobot.pc'
[11.510s] Level 1:colcon.colcon_core.environment:checking '/home/cat/robot/cat-stalker/ros2_ws/install/catRobot/lib/python3.12/site-packages'
[11.510s] Level 1:colcon.colcon_core.shell:create_environment_hook('catRobot', 'pythonpath')
[11.511s] INFO:colcon.colcon_core.shell:Creating environment hook '/home/cat/robot/cat-stalker/ros2_ws/install/catRobot/share/catRobot/hook/pythonpath.ps1'
[11.513s] INFO:colcon.colcon_core.shell:Creating environment descriptor '/home/cat/robot/cat-stalker/ros2_ws/install/catRobot/share/catRobot/hook/pythonpath.dsv'
[11.524s] INFO:colcon.colcon_core.shell:Creating environment hook '/home/cat/robot/cat-stalker/ros2_ws/install/catRobot/share/catRobot/hook/pythonpath.sh'
[11.528s] Level 1:colcon.colcon_core.environment:checking '/home/cat/robot/cat-stalker/ros2_ws/install/catRobot/bin'
[11.529s] Level 1:colcon.colcon_core.environment:create_environment_scripts_only(catRobot)
[11.530s] INFO:colcon.colcon_core.shell:Creating package script '/home/cat/robot/cat-stalker/ros2_ws/install/catRobot/share/catRobot/package.ps1'
[11.537s] INFO:colcon.colcon_core.shell:Creating package descriptor '/home/cat/robot/cat-stalker/ros2_ws/install/catRobot/share/catRobot/package.dsv'
[11.541s] INFO:colcon.colcon_core.shell:Creating package script '/home/cat/robot/cat-stalker/ros2_ws/install/catRobot/share/catRobot/package.sh'
[11.545s] INFO:colcon.colcon_core.shell:Creating package script '/home/cat/robot/cat-stalker/ros2_ws/install/catRobot/share/catRobot/package.bash'
[11.549s] INFO:colcon.colcon_core.shell:Creating package script '/home/cat/robot/cat-stalker/ros2_ws/install/catRobot/share/catRobot/package.zsh'
[11.552s] Level 1:colcon.colcon_core.environment:create_file_with_runtime_dependencies(/home/cat/robot/cat-stalker/ros2_ws/install/catRobot/share/colcon-core/packages/catRobot)
[11.554s] DEBUG:colcon.colcon_parallel_executor.executor.parallel:closing loop
[11.562s] DEBUG:colcon.colcon_parallel_executor.executor.parallel:loop closed
[11.564s] DEBUG:colcon.colcon_parallel_executor.executor.parallel:run_until_complete finished with '0'
[11.565s] DEBUG:colcon.colcon_core.event_reactor:joining thread
[11.602s] INFO:colcon.colcon_core.plugin_system:Skipping extension 'colcon_notification.desktop_notification.terminal_notifier': Not used on non-Darwin systems
[11.602s] INFO:colcon.colcon_core.plugin_system:Skipping extension 'colcon_notification.desktop_notification.win32': Not used on non-Windows systems
[11.602s] INFO:colcon.colcon_notification.desktop_notification:Sending desktop notification using 'notify2'
[11.717s] DEBUG:colcon.colcon_core.event_reactor:joined thread
[11.718s] INFO:colcon.colcon_core.shell:Creating prefix script '/home/cat/robot/cat-stalker/ros2_ws/install/local_setup.ps1'
[11.722s] INFO:colcon.colcon_core.shell:Creating prefix util module '/home/cat/robot/cat-stalker/ros2_ws/install/_local_setup_util_ps1.py'
[11.728s] INFO:colcon.colcon_core.shell:Creating prefix chain script '/home/cat/robot/cat-stalker/ros2_ws/install/setup.ps1'
[11.734s] INFO:colcon.colcon_core.shell:Creating prefix script '/home/cat/robot/cat-stalker/ros2_ws/install/local_setup.sh'
[11.738s] INFO:colcon.colcon_core.shell:Creating prefix util module '/home/cat/robot/cat-stalker/ros2_ws/install/_local_setup_util_sh.py'
[11.741s] INFO:colcon.colcon_core.shell:Creating prefix chain script '/home/cat/robot/cat-stalker/ros2_ws/install/setup.sh'
[11.747s] INFO:colcon.colcon_core.shell:Creating prefix script '/home/cat/robot/cat-stalker/ros2_ws/install/local_setup.bash'
[11.749s] INFO:colcon.colcon_core.shell:Creating prefix chain script '/home/cat/robot/cat-stalker/ros2_ws/install/setup.bash'
[11.756s] INFO:colcon.colcon_core.shell:Creating prefix script '/home/cat/robot/cat-stalker/ros2_ws/install/local_setup.zsh'
[11.759s] INFO:colcon.colcon_core.shell:Creating prefix chain script '/home/cat/robot/cat-stalker/ros2_ws/install/setup.zsh'
