[5.035s] Invoking command in '/home/cat/robot/cat-stalker/ros2_ws/src/catRobot': DEBUGINFOD_URLS=https://debuginfod.ubuntu.com PYTHONPATH=/home/cat/robot/cat-stalker/ros2_ws/build/catRobot/prefix_override:/usr/lib/python3/dist-packages/colcon_core/task/python/colcon_distutils_commands:/home/cat/robot/cat-stalker/ros2_ws/install/catRobot/lib/python3.12/site-packages:${PYTHONPATH} /usr/bin/python3 -W ignore:setup.py install is deprecated -W ignore:easy_install command is deprecated setup.py egg_info --egg-base ../../build/catRobot build --build-base /home/cat/robot/cat-stalker/ros2_ws/build/catRobot/build install --record /home/cat/robot/cat-stalker/ros2_ws/build/catRobot/install.log --single-version-externally-managed install_data
[6.651s] running egg_info
[6.784s] writing ../../build/catRobot/catRobot.egg-info/PKG-INFO
[6.785s] writing dependency_links to ../../build/catRobot/catRobot.egg-info/dependency_links.txt
[6.801s] writing entry points to ../../build/catRobot/catRobot.egg-info/entry_points.txt
[6.802s] writing requirements to ../../build/catRobot/catRobot.egg-info/requires.txt
[6.804s] writing top-level names to ../../build/catRobot/catRobot.egg-info/top_level.txt
[7.076s] reading manifest file '../../build/catRobot/catRobot.egg-info/SOURCES.txt'
[7.078s] adding license file 'LICENSE'
[7.081s] writing manifest file '../../build/catRobot/catRobot.egg-info/SOURCES.txt'
[7.081s] running build
[7.082s] running build_py
[7.084s] copying catRobot/lidarListener.py -> /home/cat/robot/cat-stalker/ros2_ws/build/catRobot/build/lib/catRobot
[7.087s] running install
[7.115s] running install_lib
[7.245s] copying /home/cat/robot/cat-stalker/ros2_ws/build/catRobot/build/lib/catRobot/lidarListener.py -> /home/cat/robot/cat-stalker/ros2_ws/install/catRobot/lib/python3.12/site-packages/catRobot
[7.250s] byte-compiling /home/cat/robot/cat-stalker/ros2_ws/install/catRobot/lib/python3.12/site-packages/catRobot/lidarListener.py to lidarListener.cpython-312.pyc
[7.256s] running install_data
[7.256s] running install_egg_info
[7.401s] removing '/home/cat/robot/cat-stalker/ros2_ws/install/catRobot/lib/python3.12/site-packages/catRobot-0.0.0-py3.12.egg-info' (and everything under it)
[7.402s] Copying ../../build/catRobot/catRobot.egg-info to /home/cat/robot/cat-stalker/ros2_ws/install/catRobot/lib/python3.12/site-packages/catRobot-0.0.0-py3.12.egg-info
[7.408s] running install_scripts
[8.292s] Installing brain script to /home/cat/robot/cat-stalker/ros2_ws/install/catRobot/lib/catRobot
[8.293s] Installing detection script to /home/cat/robot/cat-stalker/ros2_ws/install/catRobot/lib/catRobot
[8.294s] Installing lidarListener script to /home/cat/robot/cat-stalker/ros2_ws/install/catRobot/lib/catRobot
[8.295s] Installing motorContol script to /home/cat/robot/cat-stalker/ros2_ws/install/catRobot/lib/catRobot
[8.298s] writing list of installed files to '/home/cat/robot/cat-stalker/ros2_ws/build/catRobot/install.log'
[8.454s] Invoked command in '/home/cat/robot/cat-stalker/ros2_ws/src/catRobot' returned '0': DEBUGINFOD_URLS=https://debuginfod.ubuntu.com PYTHONPATH=/home/cat/robot/cat-stalker/ros2_ws/build/catRobot/prefix_override:/usr/lib/python3/dist-packages/colcon_core/task/python/colcon_distutils_commands:/home/cat/robot/cat-stalker/ros2_ws/install/catRobot/lib/python3.12/site-packages:${PYTHONPATH} /usr/bin/python3 -W ignore:setup.py install is deprecated -W ignore:easy_install command is deprecated setup.py egg_info --egg-base ../../build/catRobot build --build-base /home/cat/robot/cat-stalker/ros2_ws/build/catRobot/build install --record /home/cat/robot/cat-stalker/ros2_ws/build/catRobot/install.log --single-version-externally-managed install_data
