[5.798s] Invoking command in '/home/cat/robot/cat-stalker/ros2_ws/src/catRobot': DEBUGINFOD_URLS=https://debuginfod.ubuntu.com PYTHONPATH=/home/cat/robot/cat-stalker/ros2_ws/build/catRobot/prefix_override:/usr/lib/python3/dist-packages/colcon_core/task/python/colcon_distutils_commands:/home/cat/robot/cat-stalker/ros2_ws/install/catRobot/lib/python3.12/site-packages:${PYTHONPATH} /usr/bin/python3 -W ignore:setup.py install is deprecated -W ignore:easy_install command is deprecated setup.py egg_info --egg-base ../../build/catRobot build --build-base /home/cat/robot/cat-stalker/ros2_ws/build/catRobot/build install --record /home/cat/robot/cat-stalker/ros2_ws/build/catRobot/install.log --single-version-externally-managed install_data
[7.456s] running egg_info
[7.601s] writing ../../build/catRobot/catRobot.egg-info/PKG-INFO
[7.603s] writing dependency_links to ../../build/catRobot/catRobot.egg-info/dependency_links.txt
[7.605s] writing entry points to ../../build/catRobot/catRobot.egg-info/entry_points.txt
[7.611s] writing requirements to ../../build/catRobot/catRobot.egg-info/requires.txt
[7.617s] writing top-level names to ../../build/catRobot/catRobot.egg-info/top_level.txt
[7.892s] reading manifest file '../../build/catRobot/catRobot.egg-info/SOURCES.txt'
[7.894s] adding license file 'LICENSE'
[7.898s] writing manifest file '../../build/catRobot/catRobot.egg-info/SOURCES.txt'
[7.898s] running build
[7.899s] running build_py
[7.901s] copying catRobot/lidarListener.py -> /home/cat/robot/cat-stalker/ros2_ws/build/catRobot/build/lib/catRobot
[7.904s] running install
[7.932s] running install_lib
[8.068s] copying /home/cat/robot/cat-stalker/ros2_ws/build/catRobot/build/lib/catRobot/lidarListener.py -> /home/cat/robot/cat-stalker/ros2_ws/install/catRobot/lib/python3.12/site-packages/catRobot
[8.074s] byte-compiling /home/cat/robot/cat-stalker/ros2_ws/install/catRobot/lib/python3.12/site-packages/catRobot/lidarListener.py to lidarListener.cpython-312.pyc
[8.081s] running install_data
[8.082s] running install_egg_info
[8.216s] removing '/home/cat/robot/cat-stalker/ros2_ws/install/catRobot/lib/python3.12/site-packages/catRobot-0.0.0-py3.12.egg-info' (and everything under it)
[8.218s] Copying ../../build/catRobot/catRobot.egg-info to /home/cat/robot/cat-stalker/ros2_ws/install/catRobot/lib/python3.12/site-packages/catRobot-0.0.0-py3.12.egg-info
[8.224s] running install_scripts
[9.122s] Installing brain script to /home/cat/robot/cat-stalker/ros2_ws/install/catRobot/lib/catRobot
[9.123s] Installing detection script to /home/cat/robot/cat-stalker/ros2_ws/install/catRobot/lib/catRobot
[9.130s] Installing lidarListener script to /home/cat/robot/cat-stalker/ros2_ws/install/catRobot/lib/catRobot
[9.139s] writing list of installed files to '/home/cat/robot/cat-stalker/ros2_ws/build/catRobot/install.log'
[9.324s] Invoked command in '/home/cat/robot/cat-stalker/ros2_ws/src/catRobot' returned '0': DEBUGINFOD_URLS=https://debuginfod.ubuntu.com PYTHONPATH=/home/cat/robot/cat-stalker/ros2_ws/build/catRobot/prefix_override:/usr/lib/python3/dist-packages/colcon_core/task/python/colcon_distutils_commands:/home/cat/robot/cat-stalker/ros2_ws/install/catRobot/lib/python3.12/site-packages:${PYTHONPATH} /usr/bin/python3 -W ignore:setup.py install is deprecated -W ignore:easy_install command is deprecated setup.py egg_info --egg-base ../../build/catRobot build --build-base /home/cat/robot/cat-stalker/ros2_ws/build/catRobot/build install --record /home/cat/robot/cat-stalker/ros2_ws/build/catRobot/install.log --single-version-externally-managed install_data
