[1.652s] DEBUG:colcon:Command line arguments: ['/usr/bin/colcon', 'build']
[1.653s] DEBUG:colcon:Parsed command line arguments: Namespace(log_base=None, log_level=None, verb_name='build', build_base='build', install_base='install', merge_install=False, symlink_install=False, test_result_base=None, continue_on_error=False, executor='parallel', parallel_workers=4, event_handlers=None, ignore_user_meta=False, metas=['./colcon.meta'], base_paths=['.'], packages_ignore=None, packages_ignore_regex=None, paths=None, packages_up_to=None, packages_up_to_regex=None, packages_above=None, packages_above_and_dependencies=None, packages_above_depth=None, packages_select_by_dep=None, packages_skip_by_dep=None, packages_skip_up_to=None, packages_select_build_failed=False, packages_skip_build_finished=False, packages_select_test_failures=False, packages_skip_test_passed=False, packages_select=None, packages_skip=None, packages_select_regex=None, packages_skip_regex=None, packages_start=None, packages_end=None, allow_overriding=[], cmake_args=None, cmake_target=None, cmake_target_skip_unavailable=False, cmake_clean_cache=False, cmake_clean_first=False, cmake_force_configure=False, ament_cmake_args=None, catkin_cmake_args=None, catkin_skip_building_tests=False, mixin_files=None, mixin=None, verb_parser=<colcon_mixin.mixin.mixin_argument.MixinArgumentDecorator object at 0xffff9d389250>, verb_extension=<colcon_core.verb.build.BuildVerb object at 0xffff9d53a810>, main=<bound method BuildVerb.main of <colcon_core.verb.build.BuildVerb object at 0xffff9d53a810>>, mixin_verb=('build',))
[1.861s] Level 1:colcon.colcon_core.package_discovery:discover_packages(colcon_meta) check parameters
[1.862s] Level 1:colcon.colcon_core.package_discovery:discover_packages(recursive) check parameters
[1.862s] Level 1:colcon.colcon_core.package_discovery:discover_packages(ignore) check parameters
[1.862s] Level 1:colcon.colcon_core.package_discovery:discover_packages(path) check parameters
[1.862s] Level 1:colcon.colcon_core.package_discovery:discover_packages(colcon_meta) discover
[1.862s] Level 1:colcon.colcon_core.package_discovery:discover_packages(recursive) discover
[1.863s] INFO:colcon.colcon_core.package_discovery:Crawling recursively for packages in '/home/cat/robot/cat-stalker/ros2_ws'
[1.863s] Level 1:colcon.colcon_core.package_identification:_identify(.) by extensions ['ignore', 'ignore_ament_install']
[1.864s] Level 1:colcon.colcon_core.package_identification:_identify(.) by extension 'ignore'
[1.864s] Level 1:colcon.colcon_core.package_identification:_identify(.) by extension 'ignore_ament_install'
[1.864s] Level 1:colcon.colcon_core.package_identification:_identify(.) by extensions ['colcon_pkg']
[1.864s] Level 1:colcon.colcon_core.package_identification:_identify(.) by extension 'colcon_pkg'
[1.864s] Level 1:colcon.colcon_core.package_identification:_identify(.) by extensions ['colcon_meta']
[1.864s] Level 1:colcon.colcon_core.package_identification:_identify(.) by extension 'colcon_meta'
[1.865s] Level 1:colcon.colcon_core.package_identification:_identify(.) by extensions ['ros']
[1.865s] Level 1:colcon.colcon_core.package_identification:_identify(.) by extension 'ros'
[2.000s] Level 1:colcon.colcon_core.package_identification:_identify(.) by extensions ['cmake', 'python']
[2.000s] Level 1:colcon.colcon_core.package_identification:_identify(.) by extension 'cmake'
[2.001s] Level 1:colcon.colcon_core.package_identification:_identify(.) by extension 'python'
[2.001s] Level 1:colcon.colcon_core.package_identification:_identify(.) by extensions ['python_setup_py']
[2.001s] Level 1:colcon.colcon_core.package_identification:_identify(.) by extension 'python_setup_py'
[2.002s] Level 1:colcon.colcon_core.package_identification:_identify(build) by extensions ['ignore', 'ignore_ament_install']
[2.003s] Level 1:colcon.colcon_core.package_identification:_identify(build) by extension 'ignore'
[2.003s] Level 1:colcon.colcon_core.package_identification:_identify(build) ignored
[2.004s] Level 1:colcon.colcon_core.package_identification:_identify(install) by extensions ['ignore', 'ignore_ament_install']
[2.004s] Level 1:colcon.colcon_core.package_identification:_identify(install) by extension 'ignore'
[2.005s] Level 1:colcon.colcon_core.package_identification:_identify(install) ignored
[2.006s] Level 1:colcon.colcon_core.package_identification:_identify(log) by extensions ['ignore', 'ignore_ament_install']
[2.007s] Level 1:colcon.colcon_core.package_identification:_identify(log) by extension 'ignore'
[2.008s] Level 1:colcon.colcon_core.package_identification:_identify(log) ignored
[2.008s] Level 1:colcon.colcon_core.package_identification:_identify(src) by extensions ['ignore', 'ignore_ament_install']
[2.009s] Level 1:colcon.colcon_core.package_identification:_identify(src) by extension 'ignore'
[2.009s] Level 1:colcon.colcon_core.package_identification:_identify(src) by extension 'ignore_ament_install'
[2.010s] Level 1:colcon.colcon_core.package_identification:_identify(src) by extensions ['colcon_pkg']
[2.010s] Level 1:colcon.colcon_core.package_identification:_identify(src) by extension 'colcon_pkg'
[2.010s] Level 1:colcon.colcon_core.package_identification:_identify(src) by extensions ['colcon_meta']
[2.010s] Level 1:colcon.colcon_core.package_identification:_identify(src) by extension 'colcon_meta'
[2.011s] Level 1:colcon.colcon_core.package_identification:_identify(src) by extensions ['ros']
[2.011s] Level 1:colcon.colcon_core.package_identification:_identify(src) by extension 'ros'
[2.011s] Level 1:colcon.colcon_core.package_identification:_identify(src) by extensions ['cmake', 'python']
[2.012s] Level 1:colcon.colcon_core.package_identification:_identify(src) by extension 'cmake'
[2.012s] Level 1:colcon.colcon_core.package_identification:_identify(src) by extension 'python'
[2.012s] Level 1:colcon.colcon_core.package_identification:_identify(src) by extensions ['python_setup_py']
[2.012s] Level 1:colcon.colcon_core.package_identification:_identify(src) by extension 'python_setup_py'
[2.013s] Level 1:colcon.colcon_core.package_identification:_identify(src/catRobot) by extensions ['ignore', 'ignore_ament_install']
[2.014s] Level 1:colcon.colcon_core.package_identification:_identify(src/catRobot) by extension 'ignore'
[2.014s] Level 1:colcon.colcon_core.package_identification:_identify(src/catRobot) by extension 'ignore_ament_install'
[2.014s] Level 1:colcon.colcon_core.package_identification:_identify(src/catRobot) by extensions ['colcon_pkg']
[2.014s] Level 1:colcon.colcon_core.package_identification:_identify(src/catRobot) by extension 'colcon_pkg'
[2.015s] Level 1:colcon.colcon_core.package_identification:_identify(src/catRobot) by extensions ['colcon_meta']
[2.015s] Level 1:colcon.colcon_core.package_identification:_identify(src/catRobot) by extension 'colcon_meta'
[2.015s] Level 1:colcon.colcon_core.package_identification:_identify(src/catRobot) by extensions ['ros']
[2.015s] Level 1:colcon.colcon_core.package_identification:_identify(src/catRobot) by extension 'ros'
[2.027s] DEBUG:colcon.colcon_core.package_identification:Package 'src/catRobot' with type 'ros.ament_python' and name 'catRobot'
[2.027s] Level 1:colcon.colcon_core.package_discovery:discover_packages(recursive) using defaults
[2.027s] Level 1:colcon.colcon_core.package_discovery:discover_packages(ignore) discover
[2.027s] Level 1:colcon.colcon_core.package_discovery:discover_packages(ignore) using defaults
[2.028s] Level 1:colcon.colcon_core.package_discovery:discover_packages(path) discover
[2.028s] Level 1:colcon.colcon_core.package_discovery:discover_packages(path) using defaults
[2.132s] Level 1:colcon.colcon_core.package_discovery:discover_packages(prefix_path) check parameters
[2.132s] Level 1:colcon.colcon_core.package_discovery:discover_packages(prefix_path) discover
[2.142s] DEBUG:colcon.colcon_installed_package_information.package_discovery:Found 1 installed packages in /home/cat/robot/cat-stalker/ros2_ws/install
[2.197s] DEBUG:colcon.colcon_installed_package_information.package_discovery:Found 360 installed packages in /home/cat/ros2_jazzy/ros2-linux
[2.207s] Level 1:colcon.colcon_core.package_discovery:discover_packages(prefix_path) using defaults
[2.372s] Level 5:colcon.colcon_core.verb:set package 'catRobot' build argument 'cmake_args' from command line to 'None'
[2.372s] Level 5:colcon.colcon_core.verb:set package 'catRobot' build argument 'cmake_target' from command line to 'None'
[2.372s] Level 5:colcon.colcon_core.verb:set package 'catRobot' build argument 'cmake_target_skip_unavailable' from command line to 'False'
[2.373s] Level 5:colcon.colcon_core.verb:set package 'catRobot' build argument 'cmake_clean_cache' from command line to 'False'
[2.373s] Level 5:colcon.colcon_core.verb:set package 'catRobot' build argument 'cmake_clean_first' from command line to 'False'
[2.373s] Level 5:colcon.colcon_core.verb:set package 'catRobot' build argument 'cmake_force_configure' from command line to 'False'
[2.373s] Level 5:colcon.colcon_core.verb:set package 'catRobot' build argument 'ament_cmake_args' from command line to 'None'
[2.373s] Level 5:colcon.colcon_core.verb:set package 'catRobot' build argument 'catkin_cmake_args' from command line to 'None'
[2.373s] Level 5:colcon.colcon_core.verb:set package 'catRobot' build argument 'catkin_skip_building_tests' from command line to 'False'
[2.373s] DEBUG:colcon.colcon_core.verb:Building package 'catRobot' with the following arguments: {'ament_cmake_args': None, 'build_base': '/home/cat/robot/cat-stalker/ros2_ws/build/catRobot', 'catkin_cmake_args': None, 'catkin_skip_building_tests': False, 'cmake_args': None, 'cmake_clean_cache': False, 'cmake_clean_first': False, 'cmake_force_configure': False, 'cmake_target': None, 'cmake_target_skip_unavailable': False, 'install_base': '/home/cat/robot/cat-stalker/ros2_ws/install/catRobot', 'merge_install': False, 'path': '/home/cat/robot/cat-stalker/ros2_ws/src/catRobot', 'symlink_install': False, 'test_result_base': None}
[2.374s] INFO:colcon.colcon_core.executor:Executing jobs using 'parallel' executor
[2.377s] DEBUG:colcon.colcon_parallel_executor.executor.parallel:run_until_complete
[2.378s] INFO:colcon.colcon_ros.task.ament_python.build:Building ROS package in '/home/cat/robot/cat-stalker/ros2_ws/src/catRobot' with build type 'ament_python'
[2.379s] Level 1:colcon.colcon_core.shell:create_environment_hook('catRobot', 'ament_prefix_path')
[2.394s] INFO:colcon.colcon_core.plugin_system:Skipping extension 'colcon_core.shell.bat': Not used on non-Windows systems
[2.396s] INFO:colcon.colcon_core.shell:Creating environment hook '/home/cat/robot/cat-stalker/ros2_ws/install/catRobot/share/catRobot/hook/ament_prefix_path.ps1'
[2.400s] INFO:colcon.colcon_core.shell:Creating environment descriptor '/home/cat/robot/cat-stalker/ros2_ws/install/catRobot/share/catRobot/hook/ament_prefix_path.dsv'
[2.415s] INFO:colcon.colcon_core.shell:Creating environment hook '/home/cat/robot/cat-stalker/ros2_ws/install/catRobot/share/catRobot/hook/ament_prefix_path.sh'
[2.420s] INFO:colcon.colcon_core.shell:Skip shell extension 'powershell' for command environment: Not usable outside of PowerShell
[2.420s] DEBUG:colcon.colcon_core.shell:Skip shell extension 'dsv' for command environment
[3.852s] INFO:colcon.colcon_core.task.python.build:Building Python package in '/home/cat/robot/cat-stalker/ros2_ws/src/catRobot'
[3.853s] INFO:colcon.colcon_core.shell:Skip shell extension 'powershell' for command environment: Not usable outside of PowerShell
[3.853s] DEBUG:colcon.colcon_core.shell:Skip shell extension 'dsv' for command environment
[10.623s] DEBUG:colcon.colcon_core.event_handler.log_command:Invoking command in '/home/cat/robot/cat-stalker/ros2_ws/src/catRobot': DEBUGINFOD_URLS=https://debuginfod.ubuntu.com PYTHONPATH=/home/cat/robot/cat-stalker/ros2_ws/build/catRobot/prefix_override:/usr/lib/python3/dist-packages/colcon_core/task/python/colcon_distutils_commands:/home/cat/robot/cat-stalker/ros2_ws/install/catRobot/lib/python3.12/site-packages:${PYTHONPATH} /usr/bin/python3 -W ignore:setup.py install is deprecated -W ignore:easy_install command is deprecated setup.py egg_info --egg-base ../../build/catRobot build --build-base /home/cat/robot/cat-stalker/ros2_ws/build/catRobot/build install --record /home/cat/robot/cat-stalker/ros2_ws/build/catRobot/install.log --single-version-externally-managed install_data
[12.460s] DEBUG:colcon.colcon_core.event_handler.log_command:Invoked command in '/home/cat/robot/cat-stalker/ros2_ws/src/catRobot' returned '0': DEBUGINFOD_URLS=https://debuginfod.ubuntu.com PYTHONPATH=/home/cat/robot/cat-stalker/ros2_ws/build/catRobot/prefix_override:/usr/lib/python3/dist-packages/colcon_core/task/python/colcon_distutils_commands:/home/cat/robot/cat-stalker/ros2_ws/install/catRobot/lib/python3.12/site-packages:${PYTHONPATH} /usr/bin/python3 -W ignore:setup.py install is deprecated -W ignore:easy_install command is deprecated setup.py egg_info --egg-base ../../build/catRobot build --build-base /home/cat/robot/cat-stalker/ros2_ws/build/catRobot/build install --record /home/cat/robot/cat-stalker/ros2_ws/build/catRobot/install.log --single-version-externally-managed install_data
[12.471s] Level 1:colcon.colcon_core.environment:checking '/home/cat/robot/cat-stalker/ros2_ws/install/catRobot' for CMake module files
[12.474s] Level 1:colcon.colcon_core.environment:checking '/home/cat/robot/cat-stalker/ros2_ws/install/catRobot' for CMake config files
[12.479s] Level 1:colcon.colcon_core.environment:checking '/home/cat/robot/cat-stalker/ros2_ws/install/catRobot/lib'
[12.480s] Level 1:colcon.colcon_core.environment:checking '/home/cat/robot/cat-stalker/ros2_ws/install/catRobot/bin'
[12.480s] Level 1:colcon.colcon_core.environment:checking '/home/cat/robot/cat-stalker/ros2_ws/install/catRobot/lib/pkgconfig/catRobot.pc'
[12.482s] Level 1:colcon.colcon_core.environment:checking '/home/cat/robot/cat-stalker/ros2_ws/install/catRobot/lib/python3.12/site-packages'
[12.482s] Level 1:colcon.colcon_core.shell:create_environment_hook('catRobot', 'pythonpath')
[12.483s] INFO:colcon.colcon_core.shell:Creating environment hook '/home/cat/robot/cat-stalker/ros2_ws/install/catRobot/share/catRobot/hook/pythonpath.ps1'
[12.485s] INFO:colcon.colcon_core.shell:Creating environment descriptor '/home/cat/robot/cat-stalker/ros2_ws/install/catRobot/share/catRobot/hook/pythonpath.dsv'
[12.492s] INFO:colcon.colcon_core.shell:Creating environment hook '/home/cat/robot/cat-stalker/ros2_ws/install/catRobot/share/catRobot/hook/pythonpath.sh'
[12.495s] Level 1:colcon.colcon_core.environment:checking '/home/cat/robot/cat-stalker/ros2_ws/install/catRobot/bin'
[12.496s] Level 1:colcon.colcon_core.environment:create_environment_scripts_only(catRobot)
[12.497s] INFO:colcon.colcon_core.shell:Creating package script '/home/cat/robot/cat-stalker/ros2_ws/install/catRobot/share/catRobot/package.ps1'
[12.501s] INFO:colcon.colcon_core.shell:Creating package descriptor '/home/cat/robot/cat-stalker/ros2_ws/install/catRobot/share/catRobot/package.dsv'
[12.505s] INFO:colcon.colcon_core.shell:Creating package script '/home/cat/robot/cat-stalker/ros2_ws/install/catRobot/share/catRobot/package.sh'
[12.509s] INFO:colcon.colcon_core.shell:Creating package script '/home/cat/robot/cat-stalker/ros2_ws/install/catRobot/share/catRobot/package.bash'
[12.512s] INFO:colcon.colcon_core.shell:Creating package script '/home/cat/robot/cat-stalker/ros2_ws/install/catRobot/share/catRobot/package.zsh'
[12.515s] Level 1:colcon.colcon_core.environment:create_file_with_runtime_dependencies(/home/cat/robot/cat-stalker/ros2_ws/install/catRobot/share/colcon-core/packages/catRobot)
[12.516s] DEBUG:colcon.colcon_parallel_executor.executor.parallel:closing loop
[12.517s] DEBUG:colcon.colcon_parallel_executor.executor.parallel:loop closed
[12.518s] DEBUG:colcon.colcon_parallel_executor.executor.parallel:run_until_complete finished with '0'
[12.519s] DEBUG:colcon.colcon_core.event_reactor:joining thread
[12.558s] INFO:colcon.colcon_core.plugin_system:Skipping extension 'colcon_notification.desktop_notification.terminal_notifier': Not used on non-Darwin systems
[12.559s] INFO:colcon.colcon_core.plugin_system:Skipping extension 'colcon_notification.desktop_notification.win32': Not used on non-Windows systems
[12.559s] INFO:colcon.colcon_notification.desktop_notification:Sending desktop notification using 'notify2'
[12.641s] DEBUG:colcon.colcon_core.event_reactor:joined thread
[12.642s] INFO:colcon.colcon_core.shell:Creating prefix script '/home/cat/robot/cat-stalker/ros2_ws/install/local_setup.ps1'
[12.646s] INFO:colcon.colcon_core.shell:Creating prefix util module '/home/cat/robot/cat-stalker/ros2_ws/install/_local_setup_util_ps1.py'
[12.652s] INFO:colcon.colcon_core.shell:Creating prefix chain script '/home/cat/robot/cat-stalker/ros2_ws/install/setup.ps1'
[12.658s] INFO:colcon.colcon_core.shell:Creating prefix script '/home/cat/robot/cat-stalker/ros2_ws/install/local_setup.sh'
[12.662s] INFO:colcon.colcon_core.shell:Creating prefix util module '/home/cat/robot/cat-stalker/ros2_ws/install/_local_setup_util_sh.py'
[12.666s] INFO:colcon.colcon_core.shell:Creating prefix chain script '/home/cat/robot/cat-stalker/ros2_ws/install/setup.sh'
[12.671s] INFO:colcon.colcon_core.shell:Creating prefix script '/home/cat/robot/cat-stalker/ros2_ws/install/local_setup.bash'
[12.674s] INFO:colcon.colcon_core.shell:Creating prefix chain script '/home/cat/robot/cat-stalker/ros2_ws/install/setup.bash'
[12.680s] INFO:colcon.colcon_core.shell:Creating prefix script '/home/cat/robot/cat-stalker/ros2_ws/install/local_setup.zsh'
[12.683s] INFO:colcon.colcon_core.shell:Creating prefix chain script '/home/cat/robot/cat-stalker/ros2_ws/install/setup.zsh'
