[0.683s] DEBUG:colcon:Command line arguments: ['/usr/bin/colcon', 'build']
[0.683s] DEBUG:colcon:Parsed command line arguments: Namespace(log_base=None, log_level=None, verb_name='build', build_base='build', install_base='install', merge_install=False, symlink_install=False, test_result_base=None, continue_on_error=False, executor='parallel', parallel_workers=4, event_handlers=None, ignore_user_meta=False, metas=['./colcon.meta'], base_paths=['.'], packages_ignore=None, packages_ignore_regex=None, paths=None, packages_up_to=None, packages_up_to_regex=None, packages_above=None, packages_above_and_dependencies=None, packages_above_depth=None, packages_select_by_dep=None, packages_skip_by_dep=None, packages_skip_up_to=None, packages_select_build_failed=False, packages_skip_build_finished=False, packages_select_test_failures=False, packages_skip_test_passed=False, packages_select=None, packages_skip=None, packages_select_regex=None, packages_skip_regex=None, packages_start=None, packages_end=None, allow_overriding=[], cmake_args=None, cmake_target=None, cmake_target_skip_unavailable=False, cmake_clean_cache=False, cmake_clean_first=False, cmake_force_configure=False, ament_cmake_args=None, catkin_cmake_args=None, catkin_skip_building_tests=False, mixin_files=None, mixin=None, verb_parser=<colcon_mixin.mixin.mixin_argument.MixinArgumentDecorator object at 0xffff86025220>, verb_extension=<colcon_core.verb.build.BuildVerb object at 0xffff861da540>, main=<bound method BuildVerb.main of <colcon_core.verb.build.BuildVerb object at 0xffff861da540>>, mixin_verb=('build',))
[0.922s] Level 1:colcon.colcon_core.package_discovery:discover_packages(colcon_meta) check parameters
[0.923s] Level 1:colcon.colcon_core.package_discovery:discover_packages(recursive) check parameters
[0.923s] Level 1:colcon.colcon_core.package_discovery:discover_packages(ignore) check parameters
[0.923s] Level 1:colcon.colcon_core.package_discovery:discover_packages(path) check parameters
[0.923s] Level 1:colcon.colcon_core.package_discovery:discover_packages(colcon_meta) discover
[0.923s] Level 1:colcon.colcon_core.package_discovery:discover_packages(recursive) discover
[0.924s] INFO:colcon.colcon_core.package_discovery:Crawling recursively for packages in '/home/cat/robot/cat-stalker/ros2_ws'
[0.924s] Level 1:colcon.colcon_core.package_identification:_identify(.) by extensions ['ignore', 'ignore_ament_install']
[0.925s] Level 1:colcon.colcon_core.package_identification:_identify(.) by extension 'ignore'
[0.925s] Level 1:colcon.colcon_core.package_identification:_identify(.) by extension 'ignore_ament_install'
[0.925s] Level 1:colcon.colcon_core.package_identification:_identify(.) by extensions ['colcon_pkg']
[0.925s] Level 1:colcon.colcon_core.package_identification:_identify(.) by extension 'colcon_pkg'
[0.926s] Level 1:colcon.colcon_core.package_identification:_identify(.) by extensions ['colcon_meta']
[0.926s] Level 1:colcon.colcon_core.package_identification:_identify(.) by extension 'colcon_meta'
[0.926s] Level 1:colcon.colcon_core.package_identification:_identify(.) by extensions ['ros']
[0.926s] Level 1:colcon.colcon_core.package_identification:_identify(.) by extension 'ros'
[1.061s] Level 1:colcon.colcon_core.package_identification:_identify(.) by extensions ['cmake', 'python']
[1.061s] Level 1:colcon.colcon_core.package_identification:_identify(.) by extension 'cmake'
[1.061s] Level 1:colcon.colcon_core.package_identification:_identify(.) by extension 'python'
[1.062s] Level 1:colcon.colcon_core.package_identification:_identify(.) by extensions ['python_setup_py']
[1.062s] Level 1:colcon.colcon_core.package_identification:_identify(.) by extension 'python_setup_py'
[1.063s] Level 1:colcon.colcon_core.package_identification:_identify(build) by extensions ['ignore', 'ignore_ament_install']
[1.063s] Level 1:colcon.colcon_core.package_identification:_identify(build) by extension 'ignore'
[1.063s] Level 1:colcon.colcon_core.package_identification:_identify(build) ignored
[1.064s] Level 1:colcon.colcon_core.package_identification:_identify(install) by extensions ['ignore', 'ignore_ament_install']
[1.065s] Level 1:colcon.colcon_core.package_identification:_identify(install) by extension 'ignore'
[1.066s] Level 1:colcon.colcon_core.package_identification:_identify(install) ignored
[1.067s] Level 1:colcon.colcon_core.package_identification:_identify(log) by extensions ['ignore', 'ignore_ament_install']
[1.067s] Level 1:colcon.colcon_core.package_identification:_identify(log) by extension 'ignore'
[1.068s] Level 1:colcon.colcon_core.package_identification:_identify(log) ignored
[1.068s] Level 1:colcon.colcon_core.package_identification:_identify(src) by extensions ['ignore', 'ignore_ament_install']
[1.069s] Level 1:colcon.colcon_core.package_identification:_identify(src) by extension 'ignore'
[1.069s] Level 1:colcon.colcon_core.package_identification:_identify(src) by extension 'ignore_ament_install'
[1.069s] Level 1:colcon.colcon_core.package_identification:_identify(src) by extensions ['colcon_pkg']
[1.070s] Level 1:colcon.colcon_core.package_identification:_identify(src) by extension 'colcon_pkg'
[1.070s] Level 1:colcon.colcon_core.package_identification:_identify(src) by extensions ['colcon_meta']
[1.070s] Level 1:colcon.colcon_core.package_identification:_identify(src) by extension 'colcon_meta'
[1.070s] Level 1:colcon.colcon_core.package_identification:_identify(src) by extensions ['ros']
[1.070s] Level 1:colcon.colcon_core.package_identification:_identify(src) by extension 'ros'
[1.071s] Level 1:colcon.colcon_core.package_identification:_identify(src) by extensions ['cmake', 'python']
[1.071s] Level 1:colcon.colcon_core.package_identification:_identify(src) by extension 'cmake'
[1.071s] Level 1:colcon.colcon_core.package_identification:_identify(src) by extension 'python'
[1.072s] Level 1:colcon.colcon_core.package_identification:_identify(src) by extensions ['python_setup_py']
[1.072s] Level 1:colcon.colcon_core.package_identification:_identify(src) by extension 'python_setup_py'
[1.072s] Level 1:colcon.colcon_core.package_identification:_identify(src/catRobot) by extensions ['ignore', 'ignore_ament_install']
[1.073s] Level 1:colcon.colcon_core.package_identification:_identify(src/catRobot) by extension 'ignore'
[1.073s] Level 1:colcon.colcon_core.package_identification:_identify(src/catRobot) by extension 'ignore_ament_install'
[1.074s] Level 1:colcon.colcon_core.package_identification:_identify(src/catRobot) by extensions ['colcon_pkg']
[1.074s] Level 1:colcon.colcon_core.package_identification:_identify(src/catRobot) by extension 'colcon_pkg'
[1.074s] Level 1:colcon.colcon_core.package_identification:_identify(src/catRobot) by extensions ['colcon_meta']
[1.074s] Level 1:colcon.colcon_core.package_identification:_identify(src/catRobot) by extension 'colcon_meta'
[1.074s] Level 1:colcon.colcon_core.package_identification:_identify(src/catRobot) by extensions ['ros']
[1.075s] Level 1:colcon.colcon_core.package_identification:_identify(src/catRobot) by extension 'ros'
[1.085s] DEBUG:colcon.colcon_core.package_identification:Package 'src/catRobot' with type 'ros.ament_python' and name 'catRobot'
[1.086s] Level 1:colcon.colcon_core.package_discovery:discover_packages(recursive) using defaults
[1.086s] Level 1:colcon.colcon_core.package_discovery:discover_packages(ignore) discover
[1.086s] Level 1:colcon.colcon_core.package_discovery:discover_packages(ignore) using defaults
[1.087s] Level 1:colcon.colcon_core.package_discovery:discover_packages(path) discover
[1.087s] Level 1:colcon.colcon_core.package_discovery:discover_packages(path) using defaults
[1.183s] Level 1:colcon.colcon_core.package_discovery:discover_packages(prefix_path) check parameters
[1.183s] Level 1:colcon.colcon_core.package_discovery:discover_packages(prefix_path) discover
[1.194s] DEBUG:colcon.colcon_installed_package_information.package_discovery:Found 1 installed packages in /home/cat/robot/cat-stalker/ros2_ws/install
[1.252s] DEBUG:colcon.colcon_installed_package_information.package_discovery:Found 360 installed packages in /home/cat/ros2_jazzy/ros2-linux
[1.262s] Level 1:colcon.colcon_core.package_discovery:discover_packages(prefix_path) using defaults
[1.469s] Level 5:colcon.colcon_core.verb:set package 'catRobot' build argument 'cmake_args' from command line to 'None'
[1.470s] Level 5:colcon.colcon_core.verb:set package 'catRobot' build argument 'cmake_target' from command line to 'None'
[1.470s] Level 5:colcon.colcon_core.verb:set package 'catRobot' build argument 'cmake_target_skip_unavailable' from command line to 'False'
[1.470s] Level 5:colcon.colcon_core.verb:set package 'catRobot' build argument 'cmake_clean_cache' from command line to 'False'
[1.470s] Level 5:colcon.colcon_core.verb:set package 'catRobot' build argument 'cmake_clean_first' from command line to 'False'
[1.470s] Level 5:colcon.colcon_core.verb:set package 'catRobot' build argument 'cmake_force_configure' from command line to 'False'
[1.470s] Level 5:colcon.colcon_core.verb:set package 'catRobot' build argument 'ament_cmake_args' from command line to 'None'
[1.471s] Level 5:colcon.colcon_core.verb:set package 'catRobot' build argument 'catkin_cmake_args' from command line to 'None'
[1.471s] Level 5:colcon.colcon_core.verb:set package 'catRobot' build argument 'catkin_skip_building_tests' from command line to 'False'
[1.471s] DEBUG:colcon.colcon_core.verb:Building package 'catRobot' with the following arguments: {'ament_cmake_args': None, 'build_base': '/home/cat/robot/cat-stalker/ros2_ws/build/catRobot', 'catkin_cmake_args': None, 'catkin_skip_building_tests': False, 'cmake_args': None, 'cmake_clean_cache': False, 'cmake_clean_first': False, 'cmake_force_configure': False, 'cmake_target': None, 'cmake_target_skip_unavailable': False, 'install_base': '/home/cat/robot/cat-stalker/ros2_ws/install/catRobot', 'merge_install': False, 'path': '/home/cat/robot/cat-stalker/ros2_ws/src/catRobot', 'symlink_install': False, 'test_result_base': None}
[1.471s] INFO:colcon.colcon_core.executor:Executing jobs using 'parallel' executor
[1.475s] DEBUG:colcon.colcon_parallel_executor.executor.parallel:run_until_complete
[1.476s] INFO:colcon.colcon_ros.task.ament_python.build:Building ROS package in '/home/cat/robot/cat-stalker/ros2_ws/src/catRobot' with build type 'ament_python'
[1.477s] Level 1:colcon.colcon_core.shell:create_environment_hook('catRobot', 'ament_prefix_path')
[1.493s] INFO:colcon.colcon_core.plugin_system:Skipping extension 'colcon_core.shell.bat': Not used on non-Windows systems
[1.494s] INFO:colcon.colcon_core.shell:Creating environment hook '/home/cat/robot/cat-stalker/ros2_ws/install/catRobot/share/catRobot/hook/ament_prefix_path.ps1'
[1.499s] INFO:colcon.colcon_core.shell:Creating environment descriptor '/home/cat/robot/cat-stalker/ros2_ws/install/catRobot/share/catRobot/hook/ament_prefix_path.dsv'
[1.503s] INFO:colcon.colcon_core.shell:Creating environment hook '/home/cat/robot/cat-stalker/ros2_ws/install/catRobot/share/catRobot/hook/ament_prefix_path.sh'
[1.510s] INFO:colcon.colcon_core.shell:Skip shell extension 'powershell' for command environment: Not usable outside of PowerShell
[1.511s] DEBUG:colcon.colcon_core.shell:Skip shell extension 'dsv' for command environment
[3.231s] INFO:colcon.colcon_core.task.python.build:Building Python package in '/home/cat/robot/cat-stalker/ros2_ws/src/catRobot'
[3.233s] INFO:colcon.colcon_core.shell:Skip shell extension 'powershell' for command environment: Not usable outside of PowerShell
[3.233s] DEBUG:colcon.colcon_core.shell:Skip shell extension 'dsv' for command environment
[8.289s] DEBUG:colcon.colcon_core.event_handler.log_command:Invoking command in '/home/cat/robot/cat-stalker/ros2_ws/src/catRobot': DEBUGINFOD_URLS=https://debuginfod.ubuntu.com PYTHONPATH=/home/cat/robot/cat-stalker/ros2_ws/build/catRobot/prefix_override:/usr/lib/python3/dist-packages/colcon_core/task/python/colcon_distutils_commands:/home/cat/robot/cat-stalker/ros2_ws/install/catRobot/lib/python3.12/site-packages:${PYTHONPATH} /usr/bin/python3 -W ignore:setup.py install is deprecated -W ignore:easy_install command is deprecated setup.py egg_info --egg-base ../../build/catRobot build --build-base /home/cat/robot/cat-stalker/ros2_ws/build/catRobot/build install --record /home/cat/robot/cat-stalker/ros2_ws/build/catRobot/install.log --single-version-externally-managed install_data
[13.256s] DEBUG:colcon.colcon_core.event_handler.log_command:Invoked command in '/home/cat/robot/cat-stalker/ros2_ws/src/catRobot' returned '0': DEBUGINFOD_URLS=https://debuginfod.ubuntu.com PYTHONPATH=/home/cat/robot/cat-stalker/ros2_ws/build/catRobot/prefix_override:/usr/lib/python3/dist-packages/colcon_core/task/python/colcon_distutils_commands:/home/cat/robot/cat-stalker/ros2_ws/install/catRobot/lib/python3.12/site-packages:${PYTHONPATH} /usr/bin/python3 -W ignore:setup.py install is deprecated -W ignore:easy_install command is deprecated setup.py egg_info --egg-base ../../build/catRobot build --build-base /home/cat/robot/cat-stalker/ros2_ws/build/catRobot/build install --record /home/cat/robot/cat-stalker/ros2_ws/build/catRobot/install.log --single-version-externally-managed install_data
[13.271s] Level 1:colcon.colcon_core.environment:checking '/home/cat/robot/cat-stalker/ros2_ws/install/catRobot' for CMake module files
[13.279s] Level 1:colcon.colcon_core.environment:checking '/home/cat/robot/cat-stalker/ros2_ws/install/catRobot' for CMake config files
[13.291s] Level 1:colcon.colcon_core.environment:checking '/home/cat/robot/cat-stalker/ros2_ws/install/catRobot/lib'
[13.293s] Level 1:colcon.colcon_core.environment:checking '/home/cat/robot/cat-stalker/ros2_ws/install/catRobot/bin'
[13.293s] Level 1:colcon.colcon_core.environment:checking '/home/cat/robot/cat-stalker/ros2_ws/install/catRobot/lib/pkgconfig/catRobot.pc'
[13.295s] Level 1:colcon.colcon_core.environment:checking '/home/cat/robot/cat-stalker/ros2_ws/install/catRobot/lib/python3.12/site-packages'
[13.296s] Level 1:colcon.colcon_core.shell:create_environment_hook('catRobot', 'pythonpath')
[13.297s] INFO:colcon.colcon_core.shell:Creating environment hook '/home/cat/robot/cat-stalker/ros2_ws/install/catRobot/share/catRobot/hook/pythonpath.ps1'
[13.299s] INFO:colcon.colcon_core.shell:Creating environment descriptor '/home/cat/robot/cat-stalker/ros2_ws/install/catRobot/share/catRobot/hook/pythonpath.dsv'
[13.301s] INFO:colcon.colcon_core.shell:Creating environment hook '/home/cat/robot/cat-stalker/ros2_ws/install/catRobot/share/catRobot/hook/pythonpath.sh'
[13.304s] Level 1:colcon.colcon_core.environment:checking '/home/cat/robot/cat-stalker/ros2_ws/install/catRobot/bin'
[13.305s] Level 1:colcon.colcon_core.environment:create_environment_scripts_only(catRobot)
[13.306s] INFO:colcon.colcon_core.shell:Creating package script '/home/cat/robot/cat-stalker/ros2_ws/install/catRobot/share/catRobot/package.ps1'
[13.309s] INFO:colcon.colcon_core.shell:Creating package descriptor '/home/cat/robot/cat-stalker/ros2_ws/install/catRobot/share/catRobot/package.dsv'
[13.312s] INFO:colcon.colcon_core.shell:Creating package script '/home/cat/robot/cat-stalker/ros2_ws/install/catRobot/share/catRobot/package.sh'
[13.316s] INFO:colcon.colcon_core.shell:Creating package script '/home/cat/robot/cat-stalker/ros2_ws/install/catRobot/share/catRobot/package.bash'
[13.319s] INFO:colcon.colcon_core.shell:Creating package script '/home/cat/robot/cat-stalker/ros2_ws/install/catRobot/share/catRobot/package.zsh'
[13.322s] Level 1:colcon.colcon_core.environment:create_file_with_runtime_dependencies(/home/cat/robot/cat-stalker/ros2_ws/install/catRobot/share/colcon-core/packages/catRobot)
[13.323s] DEBUG:colcon.colcon_parallel_executor.executor.parallel:closing loop
[13.325s] DEBUG:colcon.colcon_parallel_executor.executor.parallel:loop closed
[13.327s] DEBUG:colcon.colcon_parallel_executor.executor.parallel:run_until_complete finished with '0'
[13.327s] DEBUG:colcon.colcon_core.event_reactor:joining thread
[13.376s] INFO:colcon.colcon_core.plugin_system:Skipping extension 'colcon_notification.desktop_notification.terminal_notifier': Not used on non-Darwin systems
[13.377s] INFO:colcon.colcon_core.plugin_system:Skipping extension 'colcon_notification.desktop_notification.win32': Not used on non-Windows systems
[13.377s] INFO:colcon.colcon_notification.desktop_notification:Sending desktop notification using 'notify2'
[13.467s] DEBUG:colcon.colcon_core.event_reactor:joined thread
[13.468s] INFO:colcon.colcon_core.shell:Creating prefix script '/home/cat/robot/cat-stalker/ros2_ws/install/local_setup.ps1'
[13.473s] INFO:colcon.colcon_core.shell:Creating prefix util module '/home/cat/robot/cat-stalker/ros2_ws/install/_local_setup_util_ps1.py'
[13.480s] INFO:colcon.colcon_core.shell:Creating prefix chain script '/home/cat/robot/cat-stalker/ros2_ws/install/setup.ps1'
[13.486s] INFO:colcon.colcon_core.shell:Creating prefix script '/home/cat/robot/cat-stalker/ros2_ws/install/local_setup.sh'
[13.489s] INFO:colcon.colcon_core.shell:Creating prefix util module '/home/cat/robot/cat-stalker/ros2_ws/install/_local_setup_util_sh.py'
[13.493s] INFO:colcon.colcon_core.shell:Creating prefix chain script '/home/cat/robot/cat-stalker/ros2_ws/install/setup.sh'
[13.498s] INFO:colcon.colcon_core.shell:Creating prefix script '/home/cat/robot/cat-stalker/ros2_ws/install/local_setup.bash'
[13.501s] INFO:colcon.colcon_core.shell:Creating prefix chain script '/home/cat/robot/cat-stalker/ros2_ws/install/setup.bash'
[13.508s] INFO:colcon.colcon_core.shell:Creating prefix script '/home/cat/robot/cat-stalker/ros2_ws/install/local_setup.zsh'
[13.511s] INFO:colcon.colcon_core.shell:Creating prefix chain script '/home/cat/robot/cat-stalker/ros2_ws/install/setup.zsh'
