[5.097s] Invoking command in '/home/cat/robot/cat-stalker/ros2_ws/src/catRobot': DEBUGINFOD_URLS=https://debuginfod.ubuntu.com PYTHONPATH=/home/cat/robot/cat-stalker/ros2_ws/build/catRobot/prefix_override:/usr/lib/python3/dist-packages/colcon_core/task/python/colcon_distutils_commands:/home/cat/robot/cat-stalker/ros2_ws/install/catRobot/lib/python3.12/site-packages:${PYTHONPATH} /usr/bin/python3 -W ignore:setup.py install is deprecated -W ignore:easy_install command is deprecated setup.py egg_info --egg-base ../../build/catRobot build --build-base /home/cat/robot/cat-stalker/ros2_ws/build/catRobot/build install --record /home/cat/robot/cat-stalker/ros2_ws/build/catRobot/install.log --single-version-externally-managed install_data
[6.714s] running egg_info
[6.839s] writing ../../build/catRobot/catRobot.egg-info/PKG-INFO
[6.840s] writing dependency_links to ../../build/catRobot/catRobot.egg-info/dependency_links.txt
[6.844s] writing entry points to ../../build/catRobot/catRobot.egg-info/entry_points.txt
[6.847s] writing requirements to ../../build/catRobot/catRobot.egg-info/requires.txt
[6.852s] writing top-level names to ../../build/catRobot/catRobot.egg-info/top_level.txt
[7.112s] reading manifest file '../../build/catRobot/catRobot.egg-info/SOURCES.txt'
[7.114s] adding license file 'LICENSE'
[7.117s] writing manifest file '../../build/catRobot/catRobot.egg-info/SOURCES.txt'
[7.118s] running build
[7.118s] running build_py
[7.120s] copying catRobot/catDetection.py -> /home/cat/robot/cat-stalker/ros2_ws/build/catRobot/build/lib/catRobot
[7.124s] running install
[7.155s] running install_lib
[7.284s] copying /home/cat/robot/cat-stalker/ros2_ws/build/catRobot/build/lib/catRobot/catDetection.py -> /home/cat/robot/cat-stalker/ros2_ws/install/catRobot/lib/python3.12/site-packages/catRobot
[7.289s] byte-compiling /home/cat/robot/cat-stalker/ros2_ws/install/catRobot/lib/python3.12/site-packages/catRobot/catDetection.py to catDetection.cpython-312.pyc
[7.294s] running install_data
[7.295s] running install_egg_info
[7.425s] removing '/home/cat/robot/cat-stalker/ros2_ws/install/catRobot/lib/python3.12/site-packages/catRobot-0.0.0-py3.12.egg-info' (and everything under it)
[7.427s] Copying ../../build/catRobot/catRobot.egg-info to /home/cat/robot/cat-stalker/ros2_ws/install/catRobot/lib/python3.12/site-packages/catRobot-0.0.0-py3.12.egg-info
[7.433s] running install_scripts
[8.315s] Installing brain script to /home/cat/robot/cat-stalker/ros2_ws/install/catRobot/lib/catRobot
[8.316s] Installing detection script to /home/cat/robot/cat-stalker/ros2_ws/install/catRobot/lib/catRobot
[8.332s] Installing lidarListener script to /home/cat/robot/cat-stalker/ros2_ws/install/catRobot/lib/catRobot
[8.336s] Installing motorContol script to /home/cat/robot/cat-stalker/ros2_ws/install/catRobot/lib/catRobot
[8.341s] writing list of installed files to '/home/cat/robot/cat-stalker/ros2_ws/build/catRobot/install.log'
[8.517s] Invoked command in '/home/cat/robot/cat-stalker/ros2_ws/src/catRobot' returned '0': DEBUGINFOD_URLS=https://debuginfod.ubuntu.com PYTHONPATH=/home/cat/robot/cat-stalker/ros2_ws/build/catRobot/prefix_override:/usr/lib/python3/dist-packages/colcon_core/task/python/colcon_distutils_commands:/home/cat/robot/cat-stalker/ros2_ws/install/catRobot/lib/python3.12/site-packages:${PYTHONPATH} /usr/bin/python3 -W ignore:setup.py install is deprecated -W ignore:easy_install command is deprecated setup.py egg_info --egg-base ../../build/catRobot build --build-base /home/cat/robot/cat-stalker/ros2_ws/build/catRobot/build install --record /home/cat/robot/cat-stalker/ros2_ws/build/catRobot/install.log --single-version-externally-managed install_data
