[0.635s] DEBUG:colcon:Command line arguments: ['/usr/bin/colcon', 'build']
[0.635s] DEBUG:colcon:Parsed command line arguments: Namespace(log_base=None, log_level=None, verb_name='build', build_base='build', install_base='install', merge_install=False, symlink_install=False, test_result_base=None, continue_on_error=False, executor='parallel', parallel_workers=4, event_handlers=None, ignore_user_meta=False, metas=['./colcon.meta'], base_paths=['.'], packages_ignore=None, packages_ignore_regex=None, paths=None, packages_up_to=None, packages_up_to_regex=None, packages_above=None, packages_above_and_dependencies=None, packages_above_depth=None, packages_select_by_dep=None, packages_skip_by_dep=None, packages_skip_up_to=None, packages_select_build_failed=False, packages_skip_build_finished=False, packages_select_test_failures=False, packages_skip_test_passed=False, packages_select=None, packages_skip=None, packages_select_regex=None, packages_skip_regex=None, packages_start=None, packages_end=None, allow_overriding=[], cmake_args=None, cmake_target=None, cmake_target_skip_unavailable=False, cmake_clean_cache=False, cmake_clean_first=False, cmake_force_configure=False, ament_cmake_args=None, catkin_cmake_args=None, catkin_skip_building_tests=False, mixin_files=None, mixin=None, verb_parser=<colcon_mixin.mixin.mixin_argument.MixinArgumentDecorator object at 0xffff8d9ac5f0>, verb_extension=<colcon_core.verb.build.BuildVerb object at 0xffff8dad5220>, main=<bound method BuildVerb.main of <colcon_core.verb.build.BuildVerb object at 0xffff8dad5220>>, mixin_verb=('build',))
[0.845s] Level 1:colcon.colcon_core.package_discovery:discover_packages(colcon_meta) check parameters
[0.846s] Level 1:colcon.colcon_core.package_discovery:discover_packages(recursive) check parameters
[0.846s] Level 1:colcon.colcon_core.package_discovery:discover_packages(ignore) check parameters
[0.846s] Level 1:colcon.colcon_core.package_discovery:discover_packages(path) check parameters
[0.846s] Level 1:colcon.colcon_core.package_discovery:discover_packages(colcon_meta) discover
[0.847s] Level 1:colcon.colcon_core.package_discovery:discover_packages(recursive) discover
[0.847s] INFO:colcon.colcon_core.package_discovery:Crawling recursively for packages in '/home/cat/robot/cat-stalker/ros2_ws'
[0.847s] Level 1:colcon.colcon_core.package_identification:_identify(.) by extensions ['ignore', 'ignore_ament_install']
[0.848s] Level 1:colcon.colcon_core.package_identification:_identify(.) by extension 'ignore'
[0.848s] Level 1:colcon.colcon_core.package_identification:_identify(.) by extension 'ignore_ament_install'
[0.848s] Level 1:colcon.colcon_core.package_identification:_identify(.) by extensions ['colcon_pkg']
[0.848s] Level 1:colcon.colcon_core.package_identification:_identify(.) by extension 'colcon_pkg'
[0.848s] Level 1:colcon.colcon_core.package_identification:_identify(.) by extensions ['colcon_meta']
[0.849s] Level 1:colcon.colcon_core.package_identification:_identify(.) by extension 'colcon_meta'
[0.849s] Level 1:colcon.colcon_core.package_identification:_identify(.) by extensions ['ros']
[0.849s] Level 1:colcon.colcon_core.package_identification:_identify(.) by extension 'ros'
[0.989s] Level 1:colcon.colcon_core.package_identification:_identify(.) by extensions ['cmake', 'python']
[0.989s] Level 1:colcon.colcon_core.package_identification:_identify(.) by extension 'cmake'
[0.990s] Level 1:colcon.colcon_core.package_identification:_identify(.) by extension 'python'
[0.990s] Level 1:colcon.colcon_core.package_identification:_identify(.) by extensions ['python_setup_py']
[0.990s] Level 1:colcon.colcon_core.package_identification:_identify(.) by extension 'python_setup_py'
[0.990s] Level 1:colcon.colcon_core.package_identification:_identify(build) by extensions ['ignore', 'ignore_ament_install']
[0.991s] Level 1:colcon.colcon_core.package_identification:_identify(build) by extension 'ignore'
[0.991s] Level 1:colcon.colcon_core.package_identification:_identify(build) ignored
[0.992s] Level 1:colcon.colcon_core.package_identification:_identify(install) by extensions ['ignore', 'ignore_ament_install']
[0.992s] Level 1:colcon.colcon_core.package_identification:_identify(install) by extension 'ignore'
[0.992s] Level 1:colcon.colcon_core.package_identification:_identify(install) ignored
[0.993s] Level 1:colcon.colcon_core.package_identification:_identify(log) by extensions ['ignore', 'ignore_ament_install']
[0.994s] Level 1:colcon.colcon_core.package_identification:_identify(log) by extension 'ignore'
[0.994s] Level 1:colcon.colcon_core.package_identification:_identify(log) ignored
[0.994s] Level 1:colcon.colcon_core.package_identification:_identify(src) by extensions ['ignore', 'ignore_ament_install']
[0.995s] Level 1:colcon.colcon_core.package_identification:_identify(src) by extension 'ignore'
[0.995s] Level 1:colcon.colcon_core.package_identification:_identify(src) by extension 'ignore_ament_install'
[0.995s] Level 1:colcon.colcon_core.package_identification:_identify(src) by extensions ['colcon_pkg']
[0.995s] Level 1:colcon.colcon_core.package_identification:_identify(src) by extension 'colcon_pkg'
[0.995s] Level 1:colcon.colcon_core.package_identification:_identify(src) by extensions ['colcon_meta']
[0.996s] Level 1:colcon.colcon_core.package_identification:_identify(src) by extension 'colcon_meta'
[0.996s] Level 1:colcon.colcon_core.package_identification:_identify(src) by extensions ['ros']
[0.996s] Level 1:colcon.colcon_core.package_identification:_identify(src) by extension 'ros'
[0.996s] Level 1:colcon.colcon_core.package_identification:_identify(src) by extensions ['cmake', 'python']
[0.996s] Level 1:colcon.colcon_core.package_identification:_identify(src) by extension 'cmake'
[0.997s] Level 1:colcon.colcon_core.package_identification:_identify(src) by extension 'python'
[0.997s] Level 1:colcon.colcon_core.package_identification:_identify(src) by extensions ['python_setup_py']
[0.997s] Level 1:colcon.colcon_core.package_identification:_identify(src) by extension 'python_setup_py'
[0.997s] Level 1:colcon.colcon_core.package_identification:_identify(src/catRobot) by extensions ['ignore', 'ignore_ament_install']
[0.998s] Level 1:colcon.colcon_core.package_identification:_identify(src/catRobot) by extension 'ignore'
[0.998s] Level 1:colcon.colcon_core.package_identification:_identify(src/catRobot) by extension 'ignore_ament_install'
[0.998s] Level 1:colcon.colcon_core.package_identification:_identify(src/catRobot) by extensions ['colcon_pkg']
[0.998s] Level 1:colcon.colcon_core.package_identification:_identify(src/catRobot) by extension 'colcon_pkg'
[0.999s] Level 1:colcon.colcon_core.package_identification:_identify(src/catRobot) by extensions ['colcon_meta']
[0.999s] Level 1:colcon.colcon_core.package_identification:_identify(src/catRobot) by extension 'colcon_meta'
[0.999s] Level 1:colcon.colcon_core.package_identification:_identify(src/catRobot) by extensions ['ros']
[0.999s] Level 1:colcon.colcon_core.package_identification:_identify(src/catRobot) by extension 'ros'
[1.009s] DEBUG:colcon.colcon_core.package_identification:Package 'src/catRobot' with type 'ros.ament_python' and name 'catRobot'
[1.009s] Level 1:colcon.colcon_core.package_discovery:discover_packages(recursive) using defaults
[1.009s] Level 1:colcon.colcon_core.package_discovery:discover_packages(ignore) discover
[1.009s] Level 1:colcon.colcon_core.package_discovery:discover_packages(ignore) using defaults
[1.009s] Level 1:colcon.colcon_core.package_discovery:discover_packages(path) discover
[1.010s] Level 1:colcon.colcon_core.package_discovery:discover_packages(path) using defaults
[1.113s] Level 1:colcon.colcon_core.package_discovery:discover_packages(prefix_path) check parameters
[1.113s] Level 1:colcon.colcon_core.package_discovery:discover_packages(prefix_path) discover
[1.122s] DEBUG:colcon.colcon_installed_package_information.package_discovery:Found 1 installed packages in /home/cat/robot/cat-stalker/ros2_ws/install
[1.177s] DEBUG:colcon.colcon_installed_package_information.package_discovery:Found 360 installed packages in /home/cat/ros2_jazzy/ros2-linux
[1.187s] Level 1:colcon.colcon_core.package_discovery:discover_packages(prefix_path) using defaults
[1.421s] Level 5:colcon.colcon_core.verb:set package 'catRobot' build argument 'cmake_args' from command line to 'None'
[1.421s] Level 5:colcon.colcon_core.verb:set package 'catRobot' build argument 'cmake_target' from command line to 'None'
[1.421s] Level 5:colcon.colcon_core.verb:set package 'catRobot' build argument 'cmake_target_skip_unavailable' from command line to 'False'
[1.421s] Level 5:colcon.colcon_core.verb:set package 'catRobot' build argument 'cmake_clean_cache' from command line to 'False'
[1.421s] Level 5:colcon.colcon_core.verb:set package 'catRobot' build argument 'cmake_clean_first' from command line to 'False'
[1.422s] Level 5:colcon.colcon_core.verb:set package 'catRobot' build argument 'cmake_force_configure' from command line to 'False'
[1.422s] Level 5:colcon.colcon_core.verb:set package 'catRobot' build argument 'ament_cmake_args' from command line to 'None'
[1.422s] Level 5:colcon.colcon_core.verb:set package 'catRobot' build argument 'catkin_cmake_args' from command line to 'None'
[1.422s] Level 5:colcon.colcon_core.verb:set package 'catRobot' build argument 'catkin_skip_building_tests' from command line to 'False'
[1.422s] DEBUG:colcon.colcon_core.verb:Building package 'catRobot' with the following arguments: {'ament_cmake_args': None, 'build_base': '/home/cat/robot/cat-stalker/ros2_ws/build/catRobot', 'catkin_cmake_args': None, 'catkin_skip_building_tests': False, 'cmake_args': None, 'cmake_clean_cache': False, 'cmake_clean_first': False, 'cmake_force_configure': False, 'cmake_target': None, 'cmake_target_skip_unavailable': False, 'install_base': '/home/cat/robot/cat-stalker/ros2_ws/install/catRobot', 'merge_install': False, 'path': '/home/cat/robot/cat-stalker/ros2_ws/src/catRobot', 'symlink_install': False, 'test_result_base': None}
[1.423s] INFO:colcon.colcon_core.executor:Executing jobs using 'parallel' executor
[1.426s] DEBUG:colcon.colcon_parallel_executor.executor.parallel:run_until_complete
[1.427s] INFO:colcon.colcon_ros.task.ament_python.build:Building ROS package in '/home/cat/robot/cat-stalker/ros2_ws/src/catRobot' with build type 'ament_python'
[1.428s] Level 1:colcon.colcon_core.shell:create_environment_hook('catRobot', 'ament_prefix_path')
[1.443s] INFO:colcon.colcon_core.plugin_system:Skipping extension 'colcon_core.shell.bat': Not used on non-Windows systems
[1.445s] INFO:colcon.colcon_core.shell:Creating environment hook '/home/cat/robot/cat-stalker/ros2_ws/install/catRobot/share/catRobot/hook/ament_prefix_path.ps1'
[1.448s] INFO:colcon.colcon_core.shell:Creating environment descriptor '/home/cat/robot/cat-stalker/ros2_ws/install/catRobot/share/catRobot/hook/ament_prefix_path.dsv'
[1.454s] INFO:colcon.colcon_core.shell:Creating environment hook '/home/cat/robot/cat-stalker/ros2_ws/install/catRobot/share/catRobot/hook/ament_prefix_path.sh'
[1.459s] INFO:colcon.colcon_core.shell:Skip shell extension 'powershell' for command environment: Not usable outside of PowerShell
[1.459s] DEBUG:colcon.colcon_core.shell:Skip shell extension 'dsv' for command environment
[2.764s] INFO:colcon.colcon_core.task.python.build:Building Python package in '/home/cat/robot/cat-stalker/ros2_ws/src/catRobot'
[2.765s] INFO:colcon.colcon_core.shell:Skip shell extension 'powershell' for command environment: Not usable outside of PowerShell
[2.765s] DEBUG:colcon.colcon_core.shell:Skip shell extension 'dsv' for command environment
[6.360s] DEBUG:colcon.colcon_core.event_handler.log_command:Invoking command in '/home/cat/robot/cat-stalker/ros2_ws/src/catRobot': DEBUGINFOD_URLS=https://debuginfod.ubuntu.com PYTHONPATH=/home/cat/robot/cat-stalker/ros2_ws/build/catRobot/prefix_override:/usr/lib/python3/dist-packages/colcon_core/task/python/colcon_distutils_commands:/home/cat/robot/cat-stalker/ros2_ws/install/catRobot/lib/python3.12/site-packages:${PYTHONPATH} /usr/bin/python3 -W ignore:setup.py install is deprecated -W ignore:easy_install command is deprecated setup.py egg_info --egg-base ../../build/catRobot build --build-base /home/cat/robot/cat-stalker/ros2_ws/build/catRobot/build install --record /home/cat/robot/cat-stalker/ros2_ws/build/catRobot/install.log --single-version-externally-managed install_data
[9.687s] DEBUG:colcon.colcon_core.event_handler.log_command:Invoked command in '/home/cat/robot/cat-stalker/ros2_ws/src/catRobot' returned '0': DEBUGINFOD_URLS=https://debuginfod.ubuntu.com PYTHONPATH=/home/cat/robot/cat-stalker/ros2_ws/build/catRobot/prefix_override:/usr/lib/python3/dist-packages/colcon_core/task/python/colcon_distutils_commands:/home/cat/robot/cat-stalker/ros2_ws/install/catRobot/lib/python3.12/site-packages:${PYTHONPATH} /usr/bin/python3 -W ignore:setup.py install is deprecated -W ignore:easy_install command is deprecated setup.py egg_info --egg-base ../../build/catRobot build --build-base /home/cat/robot/cat-stalker/ros2_ws/build/catRobot/build install --record /home/cat/robot/cat-stalker/ros2_ws/build/catRobot/install.log --single-version-externally-managed install_data
[9.705s] Level 1:colcon.colcon_core.environment:checking '/home/cat/robot/cat-stalker/ros2_ws/install/catRobot' for CMake module files
[9.708s] Level 1:colcon.colcon_core.environment:checking '/home/cat/robot/cat-stalker/ros2_ws/install/catRobot' for CMake config files
[9.713s] Level 1:colcon.colcon_core.environment:checking '/home/cat/robot/cat-stalker/ros2_ws/install/catRobot/lib'
[9.714s] Level 1:colcon.colcon_core.environment:checking '/home/cat/robot/cat-stalker/ros2_ws/install/catRobot/bin'
[9.715s] Level 1:colcon.colcon_core.environment:checking '/home/cat/robot/cat-stalker/ros2_ws/install/catRobot/lib/pkgconfig/catRobot.pc'
[9.716s] Level 1:colcon.colcon_core.environment:checking '/home/cat/robot/cat-stalker/ros2_ws/install/catRobot/lib/python3.12/site-packages'
[9.716s] Level 1:colcon.colcon_core.shell:create_environment_hook('catRobot', 'pythonpath')
[9.717s] INFO:colcon.colcon_core.shell:Creating environment hook '/home/cat/robot/cat-stalker/ros2_ws/install/catRobot/share/catRobot/hook/pythonpath.ps1'
[9.719s] INFO:colcon.colcon_core.shell:Creating environment descriptor '/home/cat/robot/cat-stalker/ros2_ws/install/catRobot/share/catRobot/hook/pythonpath.dsv'
[9.721s] INFO:colcon.colcon_core.shell:Creating environment hook '/home/cat/robot/cat-stalker/ros2_ws/install/catRobot/share/catRobot/hook/pythonpath.sh'
[9.724s] Level 1:colcon.colcon_core.environment:checking '/home/cat/robot/cat-stalker/ros2_ws/install/catRobot/bin'
[9.725s] Level 1:colcon.colcon_core.environment:create_environment_scripts_only(catRobot)
[9.726s] INFO:colcon.colcon_core.shell:Creating package script '/home/cat/robot/cat-stalker/ros2_ws/install/catRobot/share/catRobot/package.ps1'
[9.729s] INFO:colcon.colcon_core.shell:Creating package descriptor '/home/cat/robot/cat-stalker/ros2_ws/install/catRobot/share/catRobot/package.dsv'
[9.732s] INFO:colcon.colcon_core.shell:Creating package script '/home/cat/robot/cat-stalker/ros2_ws/install/catRobot/share/catRobot/package.sh'
[9.736s] INFO:colcon.colcon_core.shell:Creating package script '/home/cat/robot/cat-stalker/ros2_ws/install/catRobot/share/catRobot/package.bash'
[9.739s] INFO:colcon.colcon_core.shell:Creating package script '/home/cat/robot/cat-stalker/ros2_ws/install/catRobot/share/catRobot/package.zsh'
[9.742s] Level 1:colcon.colcon_core.environment:create_file_with_runtime_dependencies(/home/cat/robot/cat-stalker/ros2_ws/install/catRobot/share/colcon-core/packages/catRobot)
[9.743s] DEBUG:colcon.colcon_parallel_executor.executor.parallel:closing loop
[9.745s] DEBUG:colcon.colcon_parallel_executor.executor.parallel:loop closed
[9.745s] DEBUG:colcon.colcon_parallel_executor.executor.parallel:run_until_complete finished with '0'
[9.746s] DEBUG:colcon.colcon_core.event_reactor:joining thread
[9.783s] INFO:colcon.colcon_core.plugin_system:Skipping extension 'colcon_notification.desktop_notification.terminal_notifier': Not used on non-Darwin systems
[9.784s] INFO:colcon.colcon_core.plugin_system:Skipping extension 'colcon_notification.desktop_notification.win32': Not used on non-Windows systems
[9.785s] INFO:colcon.colcon_notification.desktop_notification:Sending desktop notification using 'notify2'
[9.858s] DEBUG:colcon.colcon_core.event_reactor:joined thread
[9.859s] INFO:colcon.colcon_core.shell:Creating prefix script '/home/cat/robot/cat-stalker/ros2_ws/install/local_setup.ps1'
[9.863s] INFO:colcon.colcon_core.shell:Creating prefix util module '/home/cat/robot/cat-stalker/ros2_ws/install/_local_setup_util_ps1.py'
[9.869s] INFO:colcon.colcon_core.shell:Creating prefix chain script '/home/cat/robot/cat-stalker/ros2_ws/install/setup.ps1'
[9.875s] INFO:colcon.colcon_core.shell:Creating prefix script '/home/cat/robot/cat-stalker/ros2_ws/install/local_setup.sh'
[9.879s] INFO:colcon.colcon_core.shell:Creating prefix util module '/home/cat/robot/cat-stalker/ros2_ws/install/_local_setup_util_sh.py'
[9.883s] INFO:colcon.colcon_core.shell:Creating prefix chain script '/home/cat/robot/cat-stalker/ros2_ws/install/setup.sh'
[9.888s] INFO:colcon.colcon_core.shell:Creating prefix script '/home/cat/robot/cat-stalker/ros2_ws/install/local_setup.bash'
[9.891s] INFO:colcon.colcon_core.shell:Creating prefix chain script '/home/cat/robot/cat-stalker/ros2_ws/install/setup.bash'
[9.896s] INFO:colcon.colcon_core.shell:Creating prefix script '/home/cat/robot/cat-stalker/ros2_ws/install/local_setup.zsh'
[9.900s] INFO:colcon.colcon_core.shell:Creating prefix chain script '/home/cat/robot/cat-stalker/ros2_ws/install/setup.zsh'
