[6.084s] Invoking command in '/home/cat/robot/cat-stalker/ros2_ws/src/catRobot': DEBUGINFOD_URLS=https://debuginfod.ubuntu.com PYTHONPATH=/home/cat/robot/cat-stalker/ros2_ws/build/catRobot/prefix_override:/usr/lib/python3/dist-packages/colcon_core/task/python/colcon_distutils_commands:/home/cat/robot/cat-stalker/ros2_ws/install/catRobot/lib/python3.12/site-packages:${PYTHONPATH} /usr/bin/python3 -W ignore:setup.py install is deprecated -W ignore:easy_install command is deprecated setup.py egg_info --egg-base ../../build/catRobot build --build-base /home/cat/robot/cat-stalker/ros2_ws/build/catRobot/build install --record /home/cat/robot/cat-stalker/ros2_ws/build/catRobot/install.log --single-version-externally-managed install_data
[8.063s] running egg_info
[8.233s] writing ../../build/catRobot/catRobot.egg-info/PKG-INFO
[8.235s] writing dependency_links to ../../build/catRobot/catRobot.egg-info/dependency_links.txt
[8.236s] writing entry points to ../../build/catRobot/catRobot.egg-info/entry_points.txt
[8.237s] writing requirements to ../../build/catRobot/catRobot.egg-info/requires.txt
[8.238s] writing top-level names to ../../build/catRobot/catRobot.egg-info/top_level.txt
[8.549s] reading manifest file '../../build/catRobot/catRobot.egg-info/SOURCES.txt'
[8.551s] adding license file 'LICENSE'
[8.554s] writing manifest file '../../build/catRobot/catRobot.egg-info/SOURCES.txt'
[8.555s] running build
[8.556s] running build_py
[8.558s] copying catRobot/lidarListener.py -> /home/cat/robot/cat-stalker/ros2_ws/build/catRobot/build/lib/catRobot
[8.561s] running install
[8.601s] running install_lib
[8.758s] copying /home/cat/robot/cat-stalker/ros2_ws/build/catRobot/build/lib/catRobot/lidarListener.py -> /home/cat/robot/cat-stalker/ros2_ws/install/catRobot/lib/python3.12/site-packages/catRobot
[8.763s] byte-compiling /home/cat/robot/cat-stalker/ros2_ws/install/catRobot/lib/python3.12/site-packages/catRobot/lidarListener.py to lidarListener.cpython-312.pyc
[8.770s] running install_data
[8.771s] running install_egg_info
[8.942s] removing '/home/cat/robot/cat-stalker/ros2_ws/install/catRobot/lib/python3.12/site-packages/catRobot-0.0.0-py3.12.egg-info' (and everything under it)
[8.944s] Copying ../../build/catRobot/catRobot.egg-info to /home/cat/robot/cat-stalker/ros2_ws/install/catRobot/lib/python3.12/site-packages/catRobot-0.0.0-py3.12.egg-info
[8.950s] running install_scripts
[10.043s] Installing lidarListener script to /home/cat/robot/cat-stalker/ros2_ws/install/catRobot/lib/catRobot
[10.046s] writing list of installed files to '/home/cat/robot/cat-stalker/ros2_ws/build/catRobot/install.log'
[10.263s] Invoked command in '/home/cat/robot/cat-stalker/ros2_ws/src/catRobot' returned '0': DEBUGINFOD_URLS=https://debuginfod.ubuntu.com PYTHONPATH=/home/cat/robot/cat-stalker/ros2_ws/build/catRobot/prefix_override:/usr/lib/python3/dist-packages/colcon_core/task/python/colcon_distutils_commands:/home/cat/robot/cat-stalker/ros2_ws/install/catRobot/lib/python3.12/site-packages:${PYTHONPATH} /usr/bin/python3 -W ignore:setup.py install is deprecated -W ignore:easy_install command is deprecated setup.py egg_info --egg-base ../../build/catRobot build --build-base /home/cat/robot/cat-stalker/ros2_ws/build/catRobot/build install --record /home/cat/robot/cat-stalker/ros2_ws/build/catRobot/install.log --single-version-externally-managed install_data
