[5.641s] Invoking command in '/home/cat/robot/cat-stalker/ros2_ws/src/catRobot': DEBUGINFOD_URLS=https://debuginfod.ubuntu.com PYTHONPATH=/home/cat/robot/cat-stalker/ros2_ws/build/catRobot/prefix_override:/usr/lib/python3/dist-packages/colcon_core/task/python/colcon_distutils_commands:/home/cat/robot/cat-stalker/ros2_ws/install/catRobot/lib/python3.12/site-packages:${PYTHONPATH} /usr/bin/python3 -W ignore:setup.py install is deprecated -W ignore:easy_install command is deprecated setup.py egg_info --egg-base ../../build/catRobot build --build-base /home/cat/robot/cat-stalker/ros2_ws/build/catRobot/build install --record /home/cat/robot/cat-stalker/ros2_ws/build/catRobot/install.log --single-version-externally-managed install_data
[7.238s] running egg_info
[7.383s] writing ../../build/catRobot/catRobot.egg-info/PKG-INFO
[7.384s] writing dependency_links to ../../build/catRobot/catRobot.egg-info/dependency_links.txt
[7.385s] writing entry points to ../../build/catRobot/catRobot.egg-info/entry_points.txt
[7.392s] writing requirements to ../../build/catRobot/catRobot.egg-info/requires.txt
[7.400s] writing top-level names to ../../build/catRobot/catRobot.egg-info/top_level.txt
[7.666s] reading manifest file '../../build/catRobot/catRobot.egg-info/SOURCES.txt'
[7.668s] adding license file 'LICENSE'
[7.673s] writing manifest file '../../build/catRobot/catRobot.egg-info/SOURCES.txt'
[7.674s] running build
[7.674s] running build_py
[7.677s] copying catRobot/lidarListener.py -> /home/cat/robot/cat-stalker/ros2_ws/build/catRobot/build/lib/catRobot
[7.681s] running install
[7.709s] running install_lib
[7.832s] copying /home/cat/robot/cat-stalker/ros2_ws/build/catRobot/build/lib/catRobot/lidarListener.py -> /home/cat/robot/cat-stalker/ros2_ws/install/catRobot/lib/python3.12/site-packages/catRobot
[7.836s] byte-compiling /home/cat/robot/cat-stalker/ros2_ws/install/catRobot/lib/python3.12/site-packages/catRobot/lidarListener.py to lidarListener.cpython-312.pyc
[7.842s] running install_data
[7.843s] running install_egg_info
[7.977s] removing '/home/cat/robot/cat-stalker/ros2_ws/install/catRobot/lib/python3.12/site-packages/catRobot-0.0.0-py3.12.egg-info' (and everything under it)
[7.980s] Copying ../../build/catRobot/catRobot.egg-info to /home/cat/robot/cat-stalker/ros2_ws/install/catRobot/lib/python3.12/site-packages/catRobot-0.0.0-py3.12.egg-info
[7.987s] running install_scripts
[8.851s] Installing brain script to /home/cat/robot/cat-stalker/ros2_ws/install/catRobot/lib/catRobot
[8.852s] Installing lidarListener script to /home/cat/robot/cat-stalker/ros2_ws/install/catRobot/lib/catRobot
[8.854s] writing list of installed files to '/home/cat/robot/cat-stalker/ros2_ws/build/catRobot/install.log'
[9.030s] Invoked command in '/home/cat/robot/cat-stalker/ros2_ws/src/catRobot' returned '0': DEBUGINFOD_URLS=https://debuginfod.ubuntu.com PYTHONPATH=/home/cat/robot/cat-stalker/ros2_ws/build/catRobot/prefix_override:/usr/lib/python3/dist-packages/colcon_core/task/python/colcon_distutils_commands:/home/cat/robot/cat-stalker/ros2_ws/install/catRobot/lib/python3.12/site-packages:${PYTHONPATH} /usr/bin/python3 -W ignore:setup.py install is deprecated -W ignore:easy_install command is deprecated setup.py egg_info --egg-base ../../build/catRobot build --build-base /home/cat/robot/cat-stalker/ros2_ws/build/catRobot/build install --record /home/cat/robot/cat-stalker/ros2_ws/build/catRobot/install.log --single-version-externally-managed install_data
