[5.718s] Invoking command in '/home/cat/robot/cat-stalker/ros2_ws/src/catRobot': DEBUGINFOD_URLS=https://debuginfod.ubuntu.com PYTHONPATH=/home/cat/robot/cat-stalker/ros2_ws/build/catRobot/prefix_override:/usr/lib/python3/dist-packages/colcon_core/task/python/colcon_distutils_commands:/home/cat/robot/cat-stalker/ros2_ws/install/catRobot/lib/python3.12/site-packages:${PYTHONPATH} /usr/bin/python3 -W ignore:setup.py install is deprecated -W ignore:easy_install command is deprecated setup.py egg_info --egg-base ../../build/catRobot build --build-base /home/cat/robot/cat-stalker/ros2_ws/build/catRobot/build install --record /home/cat/robot/cat-stalker/ros2_ws/build/catRobot/install.log --single-version-externally-managed install_data
[7.547s] running egg_info
[7.703s] writing ../../build/catRobot/catRobot.egg-info/PKG-INFO
[7.704s] writing dependency_links to ../../build/catRobot/catRobot.egg-info/dependency_links.txt
[7.706s] writing entry points to ../../build/catRobot/catRobot.egg-info/entry_points.txt
[7.706s] writing requirements to ../../build/catRobot/catRobot.egg-info/requires.txt
[7.707s] writing top-level names to ../../build/catRobot/catRobot.egg-info/top_level.txt
[7.999s] reading manifest file '../../build/catRobot/catRobot.egg-info/SOURCES.txt'
[8.001s] adding license file 'LICENSE'
[8.004s] writing manifest file '../../build/catRobot/catRobot.egg-info/SOURCES.txt'
[8.004s] running build
[8.005s] running build_py
[8.007s] copying catRobot/lidarListener.py -> /home/cat/robot/cat-stalker/ros2_ws/build/catRobot/build/lib/catRobot
[8.010s] running install
[8.037s] running install_lib
[8.201s] copying /home/cat/robot/cat-stalker/ros2_ws/build/catRobot/build/lib/catRobot/lidarListener.py -> /home/cat/robot/cat-stalker/ros2_ws/install/catRobot/lib/python3.12/site-packages/catRobot
[8.206s] byte-compiling /home/cat/robot/cat-stalker/ros2_ws/install/catRobot/lib/python3.12/site-packages/catRobot/lidarListener.py to lidarListener.cpython-312.pyc
[8.211s] running install_data
[8.211s] running install_egg_info
[8.349s] removing '/home/cat/robot/cat-stalker/ros2_ws/install/catRobot/lib/python3.12/site-packages/catRobot-0.0.0-py3.12.egg-info' (and everything under it)
[8.351s] Copying ../../build/catRobot/catRobot.egg-info to /home/cat/robot/cat-stalker/ros2_ws/install/catRobot/lib/python3.12/site-packages/catRobot-0.0.0-py3.12.egg-info
[8.358s] running install_scripts
[9.371s] Installing lidarListener script to /home/cat/robot/cat-stalker/ros2_ws/install/catRobot/lib/catRobot
[9.374s] writing list of installed files to '/home/cat/robot/cat-stalker/ros2_ws/build/catRobot/install.log'
[9.583s] Invoked command in '/home/cat/robot/cat-stalker/ros2_ws/src/catRobot' returned '0': DEBUGINFOD_URLS=https://debuginfod.ubuntu.com PYTHONPATH=/home/cat/robot/cat-stalker/ros2_ws/build/catRobot/prefix_override:/usr/lib/python3/dist-packages/colcon_core/task/python/colcon_distutils_commands:/home/cat/robot/cat-stalker/ros2_ws/install/catRobot/lib/python3.12/site-packages:${PYTHONPATH} /usr/bin/python3 -W ignore:setup.py install is deprecated -W ignore:easy_install command is deprecated setup.py egg_info --egg-base ../../build/catRobot build --build-base /home/cat/robot/cat-stalker/ros2_ws/build/catRobot/build install --record /home/cat/robot/cat-stalker/ros2_ws/build/catRobot/install.log --single-version-externally-managed install_data
